Nudged types: Sessions, Device Info, History
Refresh requested types: Bookmarks, Preferences, Passwords, Autofill Profiles, Autofill, Extensions, Sessions, Extension settings, History Delete Directives, Device Info, User Consents, Send Tab To Self, Web Apps, History, Saved Tab Group, WebAuthn Credentials, Collection, Edge E Drop, Edge Hub App Usage, Edge Wallet, Encryption Keys}
{"logTime": "1021/101624", "correlationVector":"WrzbcA2jk/60V6XHmA3LT0.1","action":"SyncServerConnectionManagerRequest", "result":"SYNC_SERVER_OK", "context":{"environment":"Prod_japaneast_prod-s01-061-apac-japaneast", "migrationStage":"NotStarted", "server":"akswtt10400001b"}}
{"logTime": "1021/101624", "correlationVector":"WrzbcA2jk/60V6XHmA3LT0.2","action":"ProcessGetUpdates", "result":"Done", "context":{"dataType":"Sessions", "deleted":"0", "process_failed_to_decrypt":"0", "process_pending_decryption":"0", "process_success":"6", "total":"6"}}
{"logTime": "1021/101624", "correlationVector":"WrzbcA2jk/60V6XHmA3LT0.3","action":"ProcessGetUpdates", "result":"Done", "context":{"dataType":"Device Info", "deleted":"0", "process_failed_to_decrypt":"0", "process_pending_decryption":"0", "process_success":"1", "total":"1"}}
{"logTime": "1021/101624", "correlationVector":"WrzbcA2jk/60V6XHmA3LT0.4","action":"ProcessGetUpdates", "result":"Done", "context":{"dataType":"History", "deleted":"0", "process_failed_to_decrypt":"0", "process_pending_decryption":"0", "process_success":"16", "total":"16"}}
{"logTime": "1021/101624", "correlationVector":"WrzbcA2jk/60V6XHmA3LT0.5","action":"GetUpdates Response", "result":"Success", "context":Received 23 update(s). cV=WrzbcA2jk/60V6XHmA3LT0.0;server=akswtt10400001b;cloudType=Consumer;environment=Prod_japaneast_prod-s01-061-apac-japaneast;migrationStage=NotStarted}
{"logTime": "1021/101624", "correlationVector":"wtCfBMnBhw4qdXH8kLls1a","action":"Commit Request", "result":"", "context":Item count: 19
Contributing types: Sessions, Device Info, History}
{"logTime": "1021/101625", "correlationVector":"wtCfBMnBhw4qdXH8kLls1a.1","action":"SyncServerConnectionManagerRequest", "result":"SYNC_SERVER_OK", "context":{"environment":"Prod_japaneast_prod-s01-061-apac-japaneast", "migrationStage":"NotStarted", "server":"akswtt104000007"}}
{"logTime": "1021/101625", "correlationVector":"wtCfBMnBhw4qdXH8kLls1a.2","action":"Commit Response", "result":"Success", "context":Result: Success. cV=wtCfBMnBhw4qdXH8kLls1a.0;server=akswtt104000007;cloudType=Consumer;environment=Prod_japaneast_prod-s01-061-apac-japaneast;migrationStage=NotStarted}
{"logTime": "1021/101625", "correlationVector":"uuEutx2BlKRzYg2hVpmSaH","action":"Commit Request", "result":"", "context":Item count: 7
Contributing types: Sessions, History}
{"logTime": "1021/101626", "correlationVector":"uuEutx2BlKRzYg2hVpmSaH.1","action":"SyncServerConnectionManagerRequest", "result":"SYNC_SERVER_OK", "context":{"environment":"Prod_japaneast_prod-s01-061-apac-japaneast", "migrationStage":"NotStarted", "server":"akswtt104000021"}}
{"logTime": "1021/101626", "correlationVector":"uuEutx2BlKRzYg2hVpmSaH.2","action":"Commit Response", "result":"Success", "context":Result: Success. cV=uuEutx2BlKRzYg2hVpmSaH.0;server=akswtt104000021;cloudType=Consumer;environment=Prod_japaneast_prod-s01-061-apac-japaneast;migrationStage=NotStarted}
{"logTime": "1021/101626", "correlationVector":"uuEutx2BlKRzYg2hVpmSaH.3","action":"Commit.Sessions", "result":"Success", "context":{"id":"7da433e8-8494-4204-9ada-fe86dd865879", "isDeleted":"true", "size":"0", "version":"1761041784923"}}
{"logTime": "1021/101726", "correlationVector":"1KnolSIpvJ/L4Oe4G7HEes","action":"Commit Request", "result":"", "context":Item count: 14
Contributing types: Sessions, History}
{"logTime": "1021/101726", "correlationVector":"1KnolSIpvJ/L4Oe4G7HEes.1","action":"SyncServerConnectionManagerRequest", "result":"SYNC_SERVER_OK", "context":{"environment":"Prod_japaneast_prod-s01-061-apac-japaneast", "migrationStage":"NotStarted", "server":"akswtt10400000f"}}
{"logTime": "1021/101726", "correlationVector":"1KnolSIpvJ/L4Oe4G7HEes.2","action":"Commit Response", "result":"Success", "context":Result: Success. cV=1KnolSIpvJ/L4Oe4G7HEes.0;server=akswtt10400000f;cloudType=Consumer;environment=Prod_japaneast_prod-s01-061-apac-japaneast;migrationStage=NotStarted}
{"logTime": "1021/101922", "correlationVector":"TPwmR1iOtc0tBYwUMcwOaC","action":"Normal GetUpdate request", "result":"", "context":cV=TPwmR1iOtc0tBYwUMcwOaC
Nudged types: Sessions, Device Info, History
Notified types: Device Info
Refresh requested types: Bookmarks, Preferences, Passwords, Autofill Profiles, Autofill, Extensions, Sessions, Extension settings, History Delete Directives, Device Info, User Consents, Send Tab To Self, Web Apps, History, Saved Tab Group, WebAuthn Credentials, Collection, Edge E Drop, Edge Hub App Usage, Edge Wallet, Encryption Keys}
{"logTime": "1021/101922", "correlationVector":"TPwmR1iOtc0tBYwUMcwOaC.1","action":"SyncServerConnectionManagerRequest", "result":"SYNC_SERVER_OK", "context":{"environment":"Prod_japaneast_prod-s01-061-apac-japaneast", "migrationStage":"NotStarted", "server":"akswtt10400000t"}}
{"logTime": "1021/101922", "correlationVector":"TPwmR1iOtc0tBYwUMcwOaC.2","action":"ProcessGetUpdates", "result":"Done", "context":{"dataType":"Sessions", "deleted":"1", "process_failed_to_decrypt":"0", "process_pending_decryption":"0", "process_success":"6", "total":"6"}}
{"logTime": "1021/101922", "correlationVector":"TPwmR1iOtc0tBYwUMcwOaC.3","action":"ProcessGetUpdates", "result":"Done", "context":{"dataType":"Device Info", "deleted":"0", "process_failed_to_decrypt":"0", "process_pending_decryption":"0", "process_success":"2", "total":"2"}}
{"logTime": "1021/101922", "correlationVector":"TPwmR1iOtc0tBYwUMcwOaC.4","action":"ProcessGetUpdates", "result":"Done", "context":{"dataType":"History", "deleted":"0", "process_failed_to_decrypt":"0", "process_pending_decryption":"0", "process_success":"24", "total":"24"}}
{"logTime": "1021/101922", "correlationVector":"TPwmR1iOtc0tBYwUMcwOaC.5","action":"GetUpdates Response", "result":"Success", "context":Received 32 update(s). cV=TPwmR1iOtc0tBYwUMcwOaC.0;server=akswtt10400000t;cloudType=Consumer;environment=Prod_japaneast_prod-s01-061-apac-japaneast;migrationStage=NotStarted}
{"logTime": "1021/101922", "correlationVector":"5p1OYCX3ozIRGVqOqENQaa","action":"Commit Request", "result":"", "context":Item count: 11
Contributing types: Sessions, Device Info, History}
{"logTime": "1021/101923", "correlationVector":"5p1OYCX3ozIRGVqOqENQaa.1","action":"SyncServerConnectionManagerRequest", "result":"SYNC_SERVER_OK", "context":{"environment":"Prod_japaneast_prod-s01-061-apac-japaneast", "migrationStage":"NotStarted", "server":"akswtt10400000c"}}
{"logTime": "1021/101923", "correlationVector":"5p1OYCX3ozIRGVqOqENQaa.2","action":"Commit Response", "result":"Success", "context":Result: Success. cV=5p1OYCX3ozIRGVqOqENQaa.0;server=akswtt10400000c;cloudType=Consumer;environment=Prod_japaneast_prod-s01-061-apac-japaneast;migrationStage=NotStarted}
{"logTime": "1021/101923", "correlationVector":"wtYzIXqNYLOtQHZwku4Iq6","action":"Commit Request", "result":"", "context":Item count: 4
Contributing types: Sessions, History}
{"logTime": "1021/101924", "correlationVector":"wtYzIXqNYLOtQHZwku4Iq6.1","action":"SyncServerConnectionManagerRequest", "result":"SYNC_SERVER_OK", "context":{"environment":"Prod_japaneast_prod-s01-061-apac-japaneast", "migrationStage":"NotStarted", "server":"akswtt10400000h"}}
{"logTime": "1021/101924", "correlationVector":"wtYzIXqNYLOtQHZwku4Iq6.2","action":"Commit Response", "result":"Success", "context":Result: Success. cV=wtYzIXqNYLOtQHZwku4Iq6.0;server=akswtt10400000h;cloudType=Consumer;environment=Prod_japaneast_prod-s01-061-apac-japaneast;migrationStage=NotStarted}
{"logTime": "1021/102254", "correlationVector":"XlBx2lKKkXejBi1cLs1IsX","action":"Normal GetUpdate request", "result":"", "context":cV=XlBx2lKKkXejBi1cLs1IsX
Nudged types: Sessions, Device Info, History
Refresh requested types: Bookmarks, Preferences, Passwords, Autofill Profiles, Autofill, Extensions, Sessions, Extension settings, History Delete Directives, Device Info, User Consents, Send Tab To Self, Web Apps, History, Saved Tab Group, WebAuthn Credentials, Collection, Edge E Drop, Edge Hub App Usage, Edge Wallet, Encryption Keys}
{"logTime": "1021/102255", "correlationVector":"XlBx2lKKkXejBi1cLs1IsX.1","action":"SyncServerConnectionManagerRequest", "result":"SYNC_SERVER_OK", "context":{"environment":"Prod_japaneast_prod-s01-061-apac-japaneast", "migrationStage":"NotStarted", "server":"akswtt10400000c"}}
{"logTime": "1021/102255", "correlationVector":"XlBx2lKKkXejBi1cLs1IsX.2","action":"ProcessGetUpdates", "result":"Done", "context":{"dataType":"Sessions", "deleted":"0", "process_failed_to_decrypt":"0", "process_pending_decryption":"0", "process_success":"5", "total":"5"}}
{"logTime": "1021/102255", "correlationVector":"XlBx2lKKkXejBi1cLs1IsX.3","action":"ProcessGetUpdates", "result":"Done", "context":{"dataType":"Device Info", "deleted":"0", "process_failed_to_decrypt":"0", "process_pending_decryption":"0", "process_success":"1", "total":"1"}}
{"logTime": "1021/102255", "correlationVector":"XlBx2lKKkXejBi1cLs1IsX.4","action":"ProcessGetUpdates", "result":"Done", "context":{"dataType":"History", "deleted":"0", "process_failed_to_decrypt":"0", "process_pending_decryption":"0", "process_success":"6", "total":"6"}}
{"logTime": "1021/102255", "correlationVector":"XlBx2lKKkXejBi1cLs1IsX.5","action":"GetUpdates Response", "result":"Success", "context":Received 12 update(s). cV=XlBx2lKKkXejBi1cLs1IsX.0;server=akswtt10400000c;cloudType=Consumer;environment=Prod_japaneast_prod-s01-061-apac-japaneast;migrationStage=NotStarted}
{"logTime": "1021/102255", "correlationVector":"QXgOgu2tVGMiHIT6KFBHI2","action":"Commit Request", "result":"", "context":Item count: 20
Contributing types: Sessions, Device Info, History}
{"logTime": "1021/102256", "correlationVector":"QXgOgu2tVGMiHIT6KFBHI2.1","action":"SyncServerConnectionManagerRequest", "result":"SYNC_SERVER_OK", "context":{"environment":"Prod_japaneast_prod-s01-061-apac-japaneast", "migrationStage":"NotStarted", "server":"akswtt10400000h"}}
{"logTime": "1021/102256", "correlationVector":"QXgOgu2tVGMiHIT6KFBHI2.2","action":"Commit Response", "result":"Success", "context":Result: Success. cV=QXgOgu2tVGMiHIT6KFBHI2.0;server=akswtt10400000h;cloudType=Consumer;environment=Prod_japaneast_prod-s01-061-apac-japaneast;migrationStage=NotStarted}
{"logTime": "1021/102256", "correlationVector":"iNuRrODcz/LPN0vVaRWhEN","action":"Commit Request", "result":"", "context":Item count: 7
Contributing types: Sessions, History}
{"logTime": "1021/102257", "correlationVector":"iNuRrODcz/LPN0vVaRWhEN.1","action":"SyncServerConnectionManagerRequest", "result":"SYNC_SERVER_OK", "context":{"environment":"Prod_japaneast_prod-s01-061-apac-japaneast", "migrationStage":"NotStarted", "server":"akswtt10400000s"}}
{"logTime": "1021/102257", "correlationVector":"iNuRrODcz/LPN0vVaRWhEN.3","action":"Commit.Sessions", "result":"Success", "context":{"id":"ae6b2706-2de8-4e0b-a2c0-9e1c600d4cbb", "isDeleted":"true", "size":"0", "version":"1761042176129"}}
{"logTime": "1021/102257", "correlationVector":"iNuRrODcz/LPN0vVaRWhEN.2","action":"Commit Response", "result":"Success", "context":Result: Success. cV=iNuRrODcz/LPN0vVaRWhEN.0;server=akswtt10400000s;cloudType=Consumer;environment=Prod_japaneast_prod-s01-061-apac-japaneast;migrationStage=NotStarted}
{"logTime": "1021/103627", "correlationVector":"b0GPLp4dWo8Q9hNeJTkQkf","action":"Normal GetUpdate request", "result":"", "context":cV=b0GPLp4dWo8Q9hNeJTkQkf
Nudged types: Sessions, Device Info, History
Refresh requested types: Bookmarks, Preferences, Passwords, Autofill Profiles, Autofill, Extensions, Sessions, Extension settings, History Delete Directives, Device Info, User Consents, Send Tab To Self, Web Apps, History, Saved Tab Group, WebAuthn Credentials, Collection, Edge E Drop, Edge Hub App Usage, Edge Wallet, Encryption Keys}
{"logTime": "1021/103628", "correlationVector":"b0GPLp4dWo8Q9hNeJTkQkf.1","action":"SyncServerConnectionManagerRequest", "result":"SYNC_SERVER_OK", "context":{"environment":"Prod_japaneast_prod-s01-061-apac-japaneast", "migrationStage":"NotStarted", "server":"akswtt10400000h"}}
{"logTime": "1021/103628", "correlationVector":"b0GPLp4dWo8Q9hNeJTkQkf.2","action":"ProcessGetUpdates", "result":"Done", "context":{"dataType":"Sessions", "deleted":"1", "process_failed_to_decrypt":"0", "process_pending_decryption":"0", "process_success":"7", "total":"7"}}
{"logTime": "1021/103628", "correlationVector":"b0GPLp4dWo8Q9hNeJTkQkf.3","action":"ProcessGetUpdates", "result":"Done", "context":{"dataType":"Device Info", "deleted":"0", "process_failed_to_decrypt":"0", "process_pending_decryption":"0", "process_success":"1", "total":"1"}}
{"logTime": "1021/103628", "correlationVector":"b0GPLp4dWo8Q9hNeJTkQkf.4","action":"ProcessGetUpdates", "result":"Done", "context":{"dataType":"History", "deleted":"0", "process_failed_to_decrypt":"0", "process_pending_decryption":"0", "process_success":"15", "total":"15"}}
{"logTime": "1021/103628", "correlationVector":"b0GPLp4dWo8Q9hNeJTkQkf.5","action":"GetUpdates Response", "result":"Success", "context":Received 23 update(s). cV=b0GPLp4dWo8Q9hNeJTkQkf.0;server=akswtt10400000h;cloudType=Consumer;environment=Prod_japaneast_prod-s01-061-apac-japaneast;migrationStage=NotStarted}
{"logTime": "1021/103628", "correlationVector":"z5vgFyoJ2yxo2QuW9uw4iE","action":"Commit Request", "result":"", "context":Item count: 23
Contributing types: Sessions, Device Info, History}
{"logTime": "1021/103629", "correlationVector":"z5vgFyoJ2yxo2QuW9uw4iE.1","action":"SyncServerConnectionManagerRequest", "result":"SYNC_SERVER_OK", "context":{"environment":"Prod_japaneast_prod-s01-061-apac-japaneast", "migrationStage":"NotStarted", "server":"akswtt10400000a"}}
{"logTime": "1021/103629", "correlationVector":"z5vgFyoJ2yxo2QuW9uw4iE.2","action":"Commit Response", "result":"Success", "context":Result: Success. cV=z5vgFyoJ2yxo2QuW9uw4iE.0;server=akswtt10400000a;cloudType=Consumer;environment=Prod_japaneast_prod-s01-061-apac-japaneast;migrationStage=NotStarted}
{"logTime": "1021/103629", "correlationVector":"z5vgFyoJ2yxo2QuW9uw4iE.3","action":"Commit.Sessions", "result":"Success", "context":{"id":"51f42585-ca38-4136-b699-47c0a49a9a8f", "isDeleted":"true", "size":"0", "version":"1761042177277"}}
{"logTime": "1021/103630", "correlationVector":"uDk4f/F5blUERXzCYoHZ0u","action":"Commit Request", "result":"", "context":Item count: 6
Contributing types: Sessions, History}
{"logTime": "1021/103630", "correlationVector":"uDk4f/F5blUERXzCYoHZ0u.1","action":"SyncServerConnectionManagerRequest", "result":"SYNC_SERVER_OK", "context":{"environment":"Prod_japaneast_prod-s01-061-apac-japaneast", "migrationStage":"NotStarted", "server":"akswtt10400001p"}}
{"logTime": "1021/103630", "correlationVector":"uDk4f/F5blUERXzCYoHZ0u.2","action":"Commit Response", "result":"Success", "context":Result: Success. cV=uDk4f/F5blUERXzCYoHZ0u.0;server=akswtt10400001p;cloudType=Consumer;environment=Prod_japaneast_prod-s01-061-apac-japaneast;migrationStage=NotStarted}
{"logTime": "1021/103730", "correlationVector":"UBrg1UINBWHL27D1yf88ne","action":"Commit Request", "result":"", "context":Item count: 10
Contributing types: Sessions, History}
{"logTime": "1021/103731", "correlationVector":"UBrg1UINBWHL27D1yf88ne.1","action":"SyncServerConnectionManagerRequest", "result":"SYNC_SERVER_OK", "context":{"environment":"Prod_japaneast_prod-s01-061-apac-japaneast", "migrationStage":"NotStarted", "server":"akswtt10400000i"}}
{"logTime": "1021/103731", "correlationVector":"UBrg1UINBWHL27D1yf88ne.2","action":"Commit Response", "result":"Success", "context":Result: Success. cV=UBrg1UINBWHL27D1yf88ne.0;server=akswtt10400000i;cloudType=Consumer;environment=Prod_japaneast_prod-s01-061-apac-japaneast;migrationStage=NotStarted}
{"logTime": "1022/083940", "correlationVector":"Z0IWGbvLF0EoN/a3CaU9wU","action":"Normal GetUpdate request", "result":"", "context":cV=Z0IWGbvLF0EoN/a3CaU9wU
Nudged types: Sessions, Device Info, History
Refresh requested types: Bookmarks, Preferences, Passwords, Autofill Profiles, Autofill, Extensions, Sessions, Extension settings, History Delete Directives, Device Info, User Consents, Send Tab To Self, Web Apps, History, Saved Tab Group, WebAuthn Credentials, Collection, Edge E Drop, Edge Hub App Usage, Edge Wallet, Encryption Keys}
{"logTime": "1022/083941", "correlationVector":"Z0IWGbvLF0EoN/a3CaU9wU.1","action":"SyncServerConnectionManagerRequest", "result":"SYNC_SERVER_OK", "context":{"environment":"Prod_japaneast_prod-s01-061-apac-japaneast", "migrationStage":"NotStarted", "server":"akswtt104000018"}}
{"logTime": "1022/083941", "correlationVector":"Z0IWGbvLF0EoN/a3CaU9wU.2","action":"ProcessGetUpdates", "result":"Done", "context":{"dataType":"Preferences", "deleted":"0", "process_failed_to_decrypt":"0", "process_pending_decryption":"0", "process_success":"1", "total":"1"}}
{"logTime": "1022/083941", "correlationVector":"Z0IWGbvLF0EoN/a3CaU9wU.3","action":"ProcessGetUpdates", "result":"Done", "context":{"dataType":"Sessions", "deleted":"1", "process_failed_to_decrypt":"0", "process_pending_decryption":"0", "process_success":"8", "total":"8"}}
{"logTime": "1022/083941", "correlationVector":"Z0IWGbvLF0EoN/a3CaU9wU.4","action":"ProcessGetUpdates", "result":"Done", "context":{"dataType":"Device Info", "deleted":"0", "process_failed_to_decrypt":"0", "process_pending_decryption":"0", "process_success":"2", "total":"2"}}
{"logTime": "1022/083941", "correlationVector":"Z0IWGbvLF0EoN/a3CaU9wU.5","action":"ProcessGetUpdates", "result":"Done", "context":{"dataType":"History", "deleted":"0", "process_failed_to_decrypt":"0", "process_pending_decryption":"0", "process_success":"29", "total":"29"}}
{"logTime": "1022/083941", "correlationVector":"Z0IWGbvLF0EoN/a3CaU9wU.6","action":"GetUpdates Response", "result":"Success", "context":Received 40 update(s). cV=Z0IWGbvLF0EoN/a3CaU9wU.0;server=akswtt104000018;cloudType=Consumer;environment=Prod_japaneast_prod-s01-061-apac-japaneast;migrationStage=NotStarted}
{"logTime": "1022/083941", "correlationVector":"wO4gJEmTAUcJmZlN+BEhZg","action":"Commit Request", "result":"", "context":Item count: 12
Contributing types: Sessions, Device Info, History}
{"logTime": "1022/083942", "correlationVector":"wO4gJEmTAUcJmZlN+BEhZg.1","action":"SyncServerConnectionManagerRequest", "result":"SYNC_SERVER_OK", "context":{"environment":"Prod_japaneast_prod-s01-061-apac-japaneast", "migrationStage":"NotStarted", "server":"akswtt104000000"}}
{"logTime": "1022/083942", "correlationVector":"wO4gJEmTAUcJmZlN+BEhZg.2","action":"Commit Response", "result":"Success", "context":Result: Success. cV=wO4gJEmTAUcJmZlN+BEhZg.0;server=akswtt104000000;cloudType=Consumer;environment=Prod_japaneast_prod-s01-061-apac-japaneast;migrationStage=NotStarted}
{"logTime": "1022/083942", "correlationVector":"kvxiQoXXbA7yPjOIFqnKW8","action":"SyncServerConnectionManagerRequest", "result":"SYNC_SERVER_OK", "context":{"environment":"", "migrationStage":"", "server":""}}
{"logTime": "1022/083942", "correlationVector":"kvxiQoXXbA7yPjOIFqnKW8.0","action":"EncryptionKeysFetcher.DownloadKeys:", "result":"Success", "context":Key count: 10, Last key timestamp: 2025-08-19T08:57:46Z}
{"logTime": "1022/083942", "correlationVector":"kvxiQoXXbA7yPjOIFqnKW8.1","action":"EncryptionKeysManager::SetEncryptionKeys:", "result":"Success", "context":Key names[10]:[DRyjB0y0RNChaSrn+f5pwYa07QfEbPNojGzC8x2FGOc53UzgdQYakcb4lneK9gysnrAiW6bFE0oP7fk61zI1Jw==][lWYcXPXzeuJNHuAKkuOeltCWH+T1NBOLsBBZKzeKJd4jk1P3beYho2eWyUexo71/Mrc2z9bJ2XGl+ozZNNXq9g==][naURkcrZYTWP43C4OkUgMlJsAAOMEMtsIRNeWMg2p6Wc9oQD9y+jp7pw87whZcia/OYpwUGOvKFU6FyXD4Kjjw==][HhRrZ15wO30vVP9ijiUFE2NcNf1qnkn0VC2kgLBrHL/5Z6FsApjRdeBcIO+yKPcO+A0m+HhAHAWLvzu9obqmDA==][HrSi2+byt5/ZgtzK66arFV8hGDs48U/iN5/XOBITIpJso45T56L5RMZ1FxD7VV6t316N0dGV5VKcLpLbchTbWA==][ehL/fXzZnekuNr+QBmkl1ps5K8EXj5ukWEjkeJHO5wL8xk2sUkk3anhA889q8ezAVCw1JFubJC1MPWE5zmSbSw==][iQADIp/lhG2eH/3kYMpNp3E80eKnaEz7PV91svvxIpomlyx2Lh2zC6hRLzPTwRVXcDabW0Xf75mqaDd2ApiQYg==][iMhVWU47tNE/1+WShjIW3v894VMG7MTx37giykdn3CWWFbVjnQkiltVYtpwdIN/UABT+FYwlbmsRSwBzimPRSw==][8EsSuVcHSbDwFbNy2vb8dQQoyCLp+bRVwFkM1lzKZKTr6t3mTrZ4NQ+L+BEfsZkeDE7Lu0XJkyIATUBR7RgpHQ==][QpN0tNOQ2g2DwrF1EWaVTIPF071/Ey4K6fttZmdxXSOnVPhStRddqL74XRW0IZ3a5LQRrLnutPZ761JO6QJvdQ==]}
{"logTime": "1022/083942", "correlationVector":"kvxiQoXXbA7yPjOIFqnKW8.2","action":"EncryptionKeysManager::SetEncryptionKeysWithTimestamps:", "result":"Success", "context":Key timestamps[10]:[2021-04-30T02:16:03Z][2021-10-28T01:08:36Z][2022-04-28T01:07:26Z][2022-10-26T01:51:23Z][2023-04-24T04:52:10Z][2023-12-08T07:21:41Z][2024-06-07T02:25:10Z][2024-12-04T07:27:25Z][2025-06-04T02:37:07Z][2025-08-19T08:57:46Z]}
{"logTime": "1022/083942", "correlationVector":"rpePNLU1ctUZcmKOJ62PO+","action":"Commit Request", "result":"", "context":Item count: 4
Contributing types: Sessions, History}
{"logTime": "1022/083943", "correlationVector":"rpePNLU1ctUZcmKOJ62PO+.1","action":"SyncServerConnectionManagerRequest", "result":"SYNC_SERVER_OK", "context":{"environment":"Prod_japaneast_prod-s01-061-apac-japaneast", "migrationStage":"NotStarted", "server":"akswtt104000015"}}
{"logTime": "1022/083943", "correlationVector":"rpePNLU1ctUZcmKOJ62PO+.2","action":"Commit Response", "result":"Success", "context":Result: Success. cV=rpePNLU1ctUZcmKOJ62PO+.0;server=akswtt104000015;cloudType=Consumer;environment=Prod_japaneast_prod-s01-061-apac-japaneast;migrationStage=NotStarted}
{"logTime": "1022/083943", "correlationVector":"IcnBTHTxi/35k8G5OySkZ1","action":"Poll GetUpdate request", "result":"", "context":cV=IcnBTHTxi/35k8G5OySkZ1}
{"logTime": "1022/083943", "correlationVector":"IcnBTHTxi/35k8G5OySkZ1.1","action":"SyncServerConnectionManagerRequest", "result":"SYNC_SERVER_OK", "context":{"environment":"Prod_japaneast_prod-s01-061-apac-japaneast", "migrationStage":"NotStarted", "server":"akswtt10400000w"}}
{"logTime": "1022/083943", "correlationVector":"IcnBTHTxi/35k8G5OySkZ1.2","action":"ProcessGetUpdates", "result":"Done", "context":{"dataType":"Sessions", "deleted":"0", "process_failed_to_decrypt":"0", "process_pending_decryption":"0", "process_success":"5", "total":"5"}}
{"logTime": "1022/083943", "correlationVector":"IcnBTHTxi/35k8G5OySkZ1.3","action":"ProcessGetUpdates", "result":"Done", "context":{"dataType":"Device Info", "deleted":"0", "process_failed_to_decrypt":"0", "process_pending_decryption":"0", "process_success":"1", "total":"1"}}
{"logTime": "1022/083943", "correlationVector":"IcnBTHTxi/35k8G5OySkZ1.4","action":"ProcessGetUpdates", "result":"Done", "context":{"dataType":"History", "deleted":"0", "process_failed_to_decrypt":"0", "process_pending_decryption":"0", "process_success":"6", "total":"6"}}
{"logTime": "1022/083943", "correlationVector":"IcnBTHTxi/35k8G5OySkZ1.5","action":"GetUpdates Response", "result":"Success", "context":Received 12 update(s). cV=IcnBTHTxi/35k8G5OySkZ1.0;server=akswtt10400000w;cloudType=Consumer;environment=Prod_japaneast_prod-s01-061-apac-japaneast;migrationStage=NotStarted}
{"logTime": "1022/084011", "correlationVector":"J4eivunEuU6ta3o301vaLD","action":"Commit Request", "result":"", "context":Item count: 17
Contributing types: Preferences, Sessions, History}
{"logTime": "1022/084012", "correlationVector":"J4eivunEuU6ta3o301vaLD.1","action":"SyncServerConnectionManagerRequest", "result":"SYNC_SERVER_OK", "context":{"environment":"Prod_japaneast_prod-s01-061-apac-japaneast", "migrationStage":"NotStarted", "server":"akswtt10400000k"}}
{"logTime": "1022/084012", "correlationVector":"J4eivunEuU6ta3o301vaLD.2","action":"Commit Response", "result":"Success", "context":Result: Success. cV=J4eivunEuU6ta3o301vaLD.0;server=akswtt10400000k;cloudType=Consumer;environment=Prod_japaneast_prod-s01-061-apac-japaneast;migrationStage=NotStarted}
{"logTime": "1022/084714", "correlationVector":"w4VZUM3j+w7oWTm+hqrLCu","action":"Normal GetUpdate request", "result":"", "context":cV=w4VZUM3j+w7oWTm+hqrLCu
Nudged types: Sessions, Device Info, History
Refresh requested types: Bookmarks, Preferences, Passwords, Autofill Profiles, Autofill, Extensions, Sessions, Extension settings, History Delete Directives, Device Info, User Consents, Send Tab To Self, Web Apps, History, Saved Tab Group, WebAuthn Credentials, Collection, Edge E Drop, Edge Hub App Usage, Edge Wallet, Encryption Keys}
{"logTime": "1022/084715", "correlationVector":"w4VZUM3j+w7oWTm+hqrLCu.1","action":"SyncServerConnectionManagerRequest", "result":"SYNC_SERVER_OK", "context":{"environment":"Prod_japaneast_prod-s01-061-apac-japaneast", "migrationStage":"NotStarted", "server":"akswtt10400000h"}}
{"logTime": "1022/084715", "correlationVector":"w4VZUM3j+w7oWTm+hqrLCu.2","action":"ProcessGetUpdates", "result":"Done", "context":{"dataType":"Preferences", "deleted":"0", "process_failed_to_decrypt":"0", "process_pending_decryption":"0", "process_success":"1", "total":"1"}}
{"logTime": "1022/084715", "correlationVector":"w4VZUM3j+w7oWTm+hqrLCu.3","action":"ProcessGetUpdates", "result":"Done", "context":{"dataType":"Sessions", "deleted":"0", "process_failed_to_decrypt":"0", "process_pending_decryption":"0", "process_success":"2", "total":"2"}}
{"logTime": "1022/084715", "correlationVector":"w4VZUM3j+w7oWTm+hqrLCu.4","action":"ProcessGetUpdates", "result":"Done", "context":{"dataType":"History", "deleted":"0", "process_failed_to_decrypt":"0", "process_pending_decryption":"0", "process_success":"14", "total":"14"}}
{"logTime": "1022/084715", "correlationVector":"w4VZUM3j+w7oWTm+hqrLCu.5","action":"GetUpdates Response", "result":"Success", "context":Received 17 update(s). cV=w4VZUM3j+w7oWTm+hqrLCu.0;server=akswtt10400000h;cloudType=Consumer;environment=Prod_japaneast_prod-s01-061-apac-japaneast;migrationStage=NotStarted}
{"logTime": "1022/084715", "correlationVector":"Y8QVPk5OC8bnYsjojqC9f8","action":"Commit Request", "result":"", "context":Item count: 11
Contributing types: Sessions, Device Info, History}
{"logTime": "1022/084716", "correlationVector":"Y8QVPk5OC8bnYsjojqC9f8.1","action":"SyncServerConnectionManagerRequest", "result":"SYNC_SERVER_OK", "context":{"environment":"Prod_japaneast_prod-s01-061-apac-japaneast", "migrationStage":"NotStarted", "server":"akswtt10400000z"}}
{"logTime": "1022/084716", "correlationVector":"Y8QVPk5OC8bnYsjojqC9f8.2","action":"Commit Response", "result":"Success", "context":Result: Success. cV=Y8QVPk5OC8bnYsjojqC9f8.0;server=akswtt10400000z;cloudType=Consumer;environment=Prod_japaneast_prod-s01-061-apac-japaneast;migrationStage=NotStarted}
{"logTime": "1022/084717", "correlationVector":"RGljZkw17rZCOxdgndV4d4","action":"Commit Request", "result":"", "context":Item count: 6
Contributing types: Sessions, History}
{"logTime": "1022/084717", "correlationVector":"RGljZkw17rZCOxdgndV4d4.1","action":"SyncServerConnectionManagerRequest", "result":"SYNC_SERVER_OK", "context":{"environment":"Prod_japaneast_prod-s01-061-apac-japaneast", "migrationStage":"NotStarted", "server":"akswtt104000007"}}
{"logTime": "1022/084717", "correlationVector":"RGljZkw17rZCOxdgndV4d4.2","action":"Commit Response", "result":"Success", "context":Result: Success. cV=RGljZkw17rZCOxdgndV4d4.0;server=akswtt104000007;cloudType=Consumer;environment=Prod_japaneast_prod-s01-061-apac-japaneast;migrationStage=NotStarted}
{"logTime": "1022/085058", "correlationVector":"qmRPlGiUdENYBf9Mb6GuZJ","action":"Normal GetUpdate request", "result":"", "context":cV=qmRPlGiUdENYBf9Mb6GuZJ
Nudged types: Sessions, Device Info, History
Refresh requested types: Bookmarks, Preferences, Passwords, Autofill Profiles, Autofill, Extensions, Sessions, Extension settings, History Delete Directives, Device Info, User Consents, Send Tab To Self, Web Apps, History, Saved Tab Group, WebAuthn Credentials, Collection, Edge E Drop, Edge Hub App Usage, Edge Wallet, Encryption Keys}
{"logTime": "1022/085059", "correlationVector":"qmRPlGiUdENYBf9Mb6GuZJ.1","action":"SyncServerConnectionManagerRequest", "result":"SYNC_SERVER_OK", "context":{"environment":"Prod_japaneast_prod-s01-061-apac-japaneast", "migrationStage":"NotStarted", "server":"akswtt104000021"}}
{"logTime": "1022/085059", "correlationVector":"qmRPlGiUdENYBf9Mb6GuZJ.2","action":"ProcessGetUpdates", "result":"Done", "context":{"dataType":"Sessions", "deleted":"0", "process_failed_to_decrypt":"0", "process_pending_decryption":"0", "process_success":"5", "total":"5"}}
{"logTime": "1022/085059", "correlationVector":"qmRPlGiUdENYBf9Mb6GuZJ.3","action":"ProcessGetUpdates", "result":"Done", "context":{"dataType":"Device Info", "deleted":"0", "process_failed_to_decrypt":"0", "process_pending_decryption":"0", "process_success":"1", "total":"1"}}
{"logTime": "1022/085059", "correlationVector":"qmRPlGiUdENYBf9Mb6GuZJ.4","action":"ProcessGetUpdates", "result":"Done", "context":{"dataType":"History", "deleted":"0", "process_failed_to_decrypt":"0", "process_pending_decryption":"0", "process_success":"7", "total":"7"}}
{"logTime": "1022/085059", "correlationVector":"qmRPlGiUdENYBf9Mb6GuZJ.5","action":"GetUpdates Response", "result":"Success", "context":Received 13 update(s). cV=qmRPlGiUdENYBf9Mb6GuZJ.0;server=akswtt104000021;cloudType=Consumer;environment=Prod_japaneast_prod-s01-061-apac-japaneast;migrationStage=NotStarted}
{"logTime": "1022/085059", "correlationVector":"QgZB4pg8jOv1xz/0HhLUpt","action":"Commit Request", "result":"", "context":Item count: 22
Contributing types: Sessions, Device Info, History}
{"logTime": "1022/085100", "correlationVector":"QgZB4pg8jOv1xz/0HhLUpt.1","action":"SyncServerConnectionManagerRequest", "result":"SYNC_SERVER_OK", "context":{"environment":"Prod_japaneast_prod-s01-061-apac-japaneast", "migrationStage":"NotStarted", "server":"akswtt10400000y"}}
{"logTime": "1022/085100", "correlationVector":"QgZB4pg8jOv1xz/0HhLUpt.2","action":"Commit Response", "result":"Success", "context":Result: Success. cV=QgZB4pg8jOv1xz/0HhLUpt.0;server=akswtt10400000y;cloudType=Consumer;environment=Prod_japaneast_prod-s01-061-apac-japaneast;migrationStage=NotStarted}
{"logTime": "1022/085101", "correlationVector":"t5J2kM+oxK77+/H0x2E3bu","action":"Commit Request", "result":"", "context":Item count: 7
Contributing types: Sessions, History}
{"logTime": "1022/085101", "correlationVector":"t5J2kM+oxK77+/H0x2E3bu.1","action":"SyncServerConnectionManagerRequest", "result":"SYNC_SERVER_OK", "context":{"environment":"Prod_japaneast_prod-s01-061-apac-japaneast", "migrationStage":"NotStarted", "server":"akswtt10400000a"}}
{"logTime": "1022/085101", "correlationVector":"t5J2kM+oxK77+/H0x2E3bu.3","action":"Commit.Sessions", "result":"Success", "context":{"id":"3c2fd271-8c16-403c-a349-588622838453", "isDeleted":"true", "size":"0", "version":"1761123060003"}}
{"logTime": "1022/085101", "correlationVector":"t5J2kM+oxK77+/H0x2E3bu.2","action":"Commit Response", "result":"Success", "context":Result: Success. cV=t5J2kM+oxK77+/H0x2E3bu.0;server=akswtt10400000a;cloudType=Consumer;environment=Prod_japaneast_prod-s01-061-apac-japaneast;migrationStage=NotStarted}
{"logTime": "1022/085201", "correlationVector":"Sc28tLdL2Wzp48u1x2Aa1p","action":"Commit Request", "result":"", "context":Item count: 10
Contributing types: Sessions, History}
{"logTime": "1022/085202", "correlationVector":"Sc28tLdL2Wzp48u1x2Aa1p.1","action":"SyncServerConnectionManagerRequest", "result":"SYNC_SERVER_OK", "context":{"environment":"Prod_japaneast_prod-s01-061-apac-japaneast", "migrationStage":"NotStarted", "server":"akswtt10400001m"}}
{"logTime": "1022/085202", "correlationVector":"Sc28tLdL2Wzp48u1x2Aa1p.2","action":"Commit Response", "result":"Success", "context":Result: Success. cV=Sc28tLdL2Wzp48u1x2Aa1p.0;server=akswtt10400001m;cloudType=Consumer;environment=Prod_japaneast_prod-s01-061-apac-japaneast;migrationStage=NotStarted}
{"logTime": "1022/085855", "correlationVector":"BaxfWJjWA1pR2jKt0NbVH4","action":"Normal GetUpdate request", "result":"", "context":cV=BaxfWJjWA1pR2jKt0NbVH4
Nudged types: Sessions, Device Info, History
Refresh requested types: Bookmarks, Preferences, Passwords, Autofill Profiles, Autofill, Extensions, Sessions, Extension settings, History Delete Directives, Device Info, User Consents, Send Tab To Self, Web Apps, History, Saved Tab Group, WebAuthn Credentials, Collection, Edge E Drop, Edge Hub App Usage, Edge Wallet, Encryption Keys}
{"logTime": "1022/085856", "correlationVector":"BaxfWJjWA1pR2jKt0NbVH4.1","action":"SyncServerConnectionManagerRequest", "result":"SYNC_SERVER_OK", "context":{"environment":"Prod_japanwest_prod-s01-066-apac-japanwest", "migrationStage":"NotStarted", "server":"akswtt10400000l"}}
{"logTime": "1022/085856", "correlationVector":"BaxfWJjWA1pR2jKt0NbVH4.2","action":"ProcessGetUpdates", "result":"Done", "context":{"dataType":"Sessions", "deleted":"1", "process_failed_to_decrypt":"0", "process_pending_decryption":"0", "process_success":"5", "total":"5"}}
{"logTime": "1022/085856", "correlationVector":"BaxfWJjWA1pR2jKt0NbVH4.3","action":"ProcessGetUpdates", "result":"Done", "context":{"dataType":"Device Info", "deleted":"0", "process_failed_to_decrypt":"0", "process_pending_decryption":"0", "process_success":"1", "total":"1"}}
{"logTime": "1022/085856", "correlationVector":"BaxfWJjWA1pR2jKt0NbVH4.4","action":"ProcessGetUpdates", "result":"Done", "context":{"dataType":"History", "deleted":"0", "process_failed_to_decrypt":"0", "process_pending_decryption":"0", "process_success":"24", "total":"24"}}
{"logTime": "1022/085856", "correlationVector":"BaxfWJjWA1pR2jKt0NbVH4.5","action":"GetUpdates Response", "result":"Success", "context":Received 30 update(s). cV=BaxfWJjWA1pR2jKt0NbVH4.0;server=akswtt10400000l;cloudType=Consumer;environment=Prod_japanwest_prod-s01-066-apac-japanwest;migrationStage=NotStarted}
{"logTime": "1022/085856", "correlationVector":"PpHCcaX0W4Q8E+wTlAXPsc","action":"Commit Request", "result":"", "context":Item count: 12
Contributing types: Sessions, Device Info, History}
{"logTime": "1022/085857", "correlationVector":"PpHCcaX0W4Q8E+wTlAXPsc.1","action":"SyncServerConnectionManagerRequest", "result":"SYNC_SERVER_OK", "context":{"environment":"Prod_japaneast_prod-s01-061-apac-japaneast", "migrationStage":"NotStarted", "server":"akswtt104000008"}}
{"logTime": "1022/085857", "correlationVector":"PpHCcaX0W4Q8E+wTlAXPsc.2","action":"Commit Response", "result":"Success", "context":Result: Success. cV=PpHCcaX0W4Q8E+wTlAXPsc.0;server=akswtt104000008;cloudType=Consumer;environment=Prod_japaneast_prod-s01-061-apac-japaneast;migrationStage=NotStarted}
{"logTime": "1022/085857", "correlationVector":"PpHCcaX0W4Q8E+wTlAXPsc.3","action":"Commit.Sessions", "result":"Success", "context":{"id":"83ec2e67-5251-4698-8577-4d4a4ce2337d", "isDeleted":"true", "size":"0", "version":"1761123060004"}}
{"logTime": "1022/085858", "correlationVector":"Q39Oy1Twzdk7hPL2SuIbUs","action":"Commit Request", "result":"", "context":Item count: 4
Contributing types: Sessions, History}
{"logTime": "1022/085858", "correlationVector":"Q39Oy1Twzdk7hPL2SuIbUs.1","action":"SyncServerConnectionManagerRequest", "result":"SYNC_SERVER_OK", "context":{"environment":"Prod_japaneast_prod-s01-061-apac-japaneast", "migrationStage":"NotStarted", "server":"akswtt104000021"}}
{"logTime": "1022/085858", "correlationVector":"Q39Oy1Twzdk7hPL2SuIbUs.2","action":"Commit Response", "result":"Success", "context":Result: Success. cV=Q39Oy1Twzdk7hPL2SuIbUs.0;server=akswtt104000021;cloudType=Consumer;environment=Prod_japaneast_prod-s01-061-apac-japaneast;migrationStage=NotStarted}
{"logTime": "1022/085959", "correlationVector":"l+aINFzgtuE5EfYgUBUzcu","action":"Commit Request", "result":"", "context":Item count: 16
Contributing types: Sessions, History}
{"logTime": "1022/090000", "correlationVector":"l+aINFzgtuE5EfYgUBUzcu.1","action":"SyncServerConnectionManagerRequest", "result":"SYNC_SERVER_OK", "context":{"environment":"Prod_southeastasia_prod-s01-065-apac-southeastasia", "migrationStage":"NotStarted", "server":"akswtt104000006"}}
{"logTime": "1022/090000", "correlationVector":"l+aINFzgtuE5EfYgUBUzcu.2","action":"Commit Response", "result":"Success", "context":Result: Success. cV=l+aINFzgtuE5EfYgUBUzcu.0;server=akswtt104000006;cloudType=Consumer;environment=Prod_southeastasia_prod-s01-065-apac-southeastasia;migrationStage=NotStarted}
{"logTime": "1022/094204", "correlationVector":"GNYNbHB3Wtsi+wW4lAjQf3","action":"Normal GetUpdate request", "result":"", "context":cV=GNYNbHB3Wtsi+wW4lAjQf3
Nudged types: Sessions, Device Info, History
Refresh requested types: Bookmarks, Preferences, Passwords, Autofill Profiles, Autofill, Extensions, Sessions, Extension settings, History Delete Directives, Device Info, User Consents, Send Tab To Self, Web Apps, History, Saved Tab Group, WebAuthn Credentials, Collection, Edge E Drop, Edge Hub App Usage, Edge Wallet, Encryption Keys}
{"logTime": "1022/094205", "correlationVector":"GNYNbHB3Wtsi+wW4lAjQf3.1","action":"SyncServerConnectionManagerRequest", "result":"SYNC_SERVER_OK", "context":{"environment":"Prod_japaneast_prod-s01-061-apac-japaneast", "migrationStage":"NotStarted", "server":"akswtt104000021"}}
{"logTime": "1022/094205", "correlationVector":"GNYNbHB3Wtsi+wW4lAjQf3.2","action":"ProcessGetUpdates", "result":"Done", "context":{"dataType":"Extensions", "deleted":"0", "process_failed_to_decrypt":"0", "process_pending_decryption":"0", "process_success":"1", "total":"1"}}
{"logTime": "1022/094205", "correlationVector":"GNYNbHB3Wtsi+wW4lAjQf3.3","action":"ProcessGetUpdates", "result":"Done", "context":{"dataType":"Sessions", "deleted":"1", "process_failed_to_decrypt":"0", "process_pending_decryption":"0", "process_success":"8", "total":"8"}}
{"logTime": "1022/094205", "correlationVector":"GNYNbHB3Wtsi+wW4lAjQf3.4","action":"ProcessGetUpdates", "result":"Done", "context":{"dataType":"Device Info", "deleted":"0", "process_failed_to_decrypt":"0", "process_pending_decryption":"0", "process_success":"3", "total":"3"}}
{"logTime": "1022/094205", "correlationVector":"GNYNbHB3Wtsi+wW4lAjQf3.5","action":"ProcessGetUpdates", "result":"Done", "context":{"dataType":"History", "deleted":"0", "process_failed_to_decrypt":"0", "process_pending_decryption":"0", "process_success":"20", "total":"20"}}
{"logTime": "1022/094205", "correlationVector":"GNYNbHB3Wtsi+wW4lAjQf3.6","action":"GetUpdates Response", "result":"Success", "context":Received 32 update(s). cV=GNYNbHB3Wtsi+wW4lAjQf3.0;server=akswtt104000021;cloudType=Consumer;environment=Prod_japaneast_prod-s01-061-apac-japaneast;migrationStage=NotStarted}
{"logTime": "1022/094205", "correlationVector":"+sIskU/1EYj7R57uADS2ap","action":"Commit Request", "result":"", "context":Item count: 16
Contributing types: Sessions, Device Info, History}
{"logTime": "1022/094206", "correlationVector":"+sIskU/1EYj7R57uADS2ap.1","action":"SyncServerConnectionManagerRequest", "result":"SYNC_SERVER_OK", "context":{"environment":"Prod_japaneast_prod-s01-061-apac-japaneast", "migrationStage":"NotStarted", "server":"akswtt10500000g"}}
{"logTime": "1022/094206", "correlationVector":"+sIskU/1EYj7R57uADS2ap.2","action":"Commit Response", "result":"Success", "context":Result: Success. cV=+sIskU/1EYj7R57uADS2ap.0;server=akswtt10500000g;cloudType=Consumer;environment=Prod_japaneast_prod-s01-061-apac-japaneast;migrationStage=NotStarted}
{"logTime": "1022/094206", "correlationVector":"aSCjbNGxhsINjXiTZ2Hm72","action":"Commit Request", "result":"", "context":Item count: 6
Contributing types: Sessions, History}
{"logTime": "1022/094207", "correlationVector":"aSCjbNGxhsINjXiTZ2Hm72.1","action":"SyncServerConnectionManagerRequest", "result":"SYNC_SERVER_OK", "context":{"environment":"Prod_japanwest_prod-s01-066-apac-japanwest", "migrationStage":"NotStarted", "server":"akswtt104000008"}}
{"logTime": "1022/094207", "correlationVector":"aSCjbNGxhsINjXiTZ2Hm72.2","action":"Commit Response", "result":"Success", "context":Result: Success. cV=aSCjbNGxhsINjXiTZ2Hm72.0;server=akswtt104000008;cloudType=Consumer;environment=Prod_japanwest_prod-s01-066-apac-japanwest;migrationStage=NotStarted}
{"logTime": "1022/094307", "correlationVector":"OMdYJoyqqjWqNYVd93HKSb","action":"Commit Request", "result":"", "context":Item count: 11
Contributing types: Sessions, History}
{"logTime": "1022/094308", "correlationVector":"OMdYJoyqqjWqNYVd93HKSb.1","action":"SyncServerConnectionManagerRequest", "result":"SYNC_SERVER_OK", "context":{"environment":"Prod_japaneast_prod-s01-061-apac-japaneast", "migrationStage":"NotStarted", "server":"akswtt10400000z"}}
{"logTime": "1022/094308", "correlationVector":"OMdYJoyqqjWqNYVd93HKSb.2","action":"Commit Response", "result":"Success", "context":Result: Success. cV=OMdYJoyqqjWqNYVd93HKSb.0;server=akswtt10400000z;cloudType=Consumer;environment=Prod_japaneast_prod-s01-061-apac-japaneast;migrationStage=NotStarted}
{"logTime": "1022/094317", "correlationVector":"DwdI8iq0BOaYxNbu6PkvL+","action":"Commit Request", "result":"", "context":Item count: 1
Contributing types: Device Info}
{"logTime": "1022/094318", "correlationVector":"DwdI8iq0BOaYxNbu6PkvL+.1","action":"SyncServerConnectionManagerRequest", "result":"SYNC_SERVER_OK", "context":{"environment":"Prod_japaneast_prod-s01-061-apac-japaneast", "migrationStage":"NotStarted", "server":"akswtt105000005"}}
{"logTime": "1022/094318", "correlationVector":"DwdI8iq0BOaYxNbu6PkvL+.2","action":"Commit Response", "result":"Success", "context":Result: Success. cV=DwdI8iq0BOaYxNbu6PkvL+.0;server=akswtt105000005;cloudType=Consumer;environment=Prod_japaneast_prod-s01-061-apac-japaneast;migrationStage=NotStarted}
{"logTime": "1022/101154", "correlationVector":"sPjMF+yN5IWKWaNtcqudJE","action":"Normal GetUpdate request", "result":"", "context":cV=sPjMF+yN5IWKWaNtcqudJE
Nudged types: Sessions, Device Info, History
Refresh requested types: Bookmarks, Preferences, Passwords, Autofill Profiles, Autofill, Extensions, Sessions, Extension settings, History Delete Directives, Device Info, User Consents, Send Tab To Self, Web Apps, History, Saved Tab Group, WebAuthn Credentials, Collection, Edge E Drop, Edge Hub App Usage, Edge Wallet, Encryption Keys}
{"logTime": "1022/101155", "correlationVector":"sPjMF+yN5IWKWaNtcqudJE.1","action":"SyncServerConnectionManagerRequest", "result":"SYNC_SERVER_OK", "context":{"environment":"Prod_japaneast_prod-s01-061-apac-japaneast", "migrationStage":"NotStarted", "server":"akswtt105000004"}}
{"logTime": "1022/101155", "correlationVector":"sPjMF+yN5IWKWaNtcqudJE.2","action":"ProcessGetUpdates", "result":"Done", "context":{"dataType":"Sessions", "deleted":"0", "process_failed_to_decrypt":"0", "process_pending_decryption":"0", "process_success":"5", "total":"5"}}
{"logTime": "1022/101155", "correlationVector":"sPjMF+yN5IWKWaNtcqudJE.3","action":"ProcessGetUpdates", "result":"Done", "context":{"dataType":"Device Info", "deleted":"0", "process_failed_to_decrypt":"0", "process_pending_decryption":"0", "process_success":"1", "total":"1"}}
{"logTime": "1022/101155", "correlationVector":"sPjMF+yN5IWKWaNtcqudJE.4","action":"ProcessGetUpdates", "result":"Done", "context":{"dataType":"History", "deleted":"0", "process_failed_to_decrypt":"0", "process_pending_decryption":"0", "process_success":"19", "total":"19"}}
{"logTime": "1022/101155", "correlationVector":"sPjMF+yN5IWKWaNtcqudJE.5","action":"GetUpdates Response", "result":"Success", "context":Received 25 update(s). cV=sPjMF+yN5IWKWaNtcqudJE.0;server=akswtt105000004;cloudType=Consumer;environment=Prod_japaneast_prod-s01-061-apac-japaneast;migrationStage=NotStarted}
{"logTime": "1022/101155", "correlationVector":"4jvO5yed+Hx/eE+3ZJnIyD","action":"Commit Request", "result":"", "context":Item count: 11
Contributing types: Sessions, Device Info, History}
{"logTime": "1022/101156", "correlationVector":"4jvO5yed+Hx/eE+3ZJnIyD.1","action":"SyncServerConnectionManagerRequest", "result":"SYNC_SERVER_OK", "context":{"environment":"Prod_japaneast_prod-s01-061-apac-japaneast", "migrationStage":"NotStarted", "server":"akswtt105000006"}}
{"logTime": "1022/101156", "correlationVector":"4jvO5yed+Hx/eE+3ZJnIyD.2","action":"Commit Response", "result":"Success", "context":Result: Success. cV=4jvO5yed+Hx/eE+3ZJnIyD.0;server=akswtt105000006;cloudType=Consumer;environment=Prod_japaneast_prod-s01-061-apac-japaneast;migrationStage=NotStarted}
{"logTime": "1022/101156", "correlationVector":"sn8v1cDhffFCL5cSzzqEDI","action":"Commit Request", "result":"", "context":Item count: 4
Contributing types: Sessions, History}
{"logTime": "1022/101156", "correlationVector":"sn8v1cDhffFCL5cSzzqEDI.1","action":"SyncServerConnectionManagerRequest", "result":"SYNC_SERVER_OK", "context":{"environment":"Prod_japaneast_prod-s01-061-apac-japaneast", "migrationStage":"NotStarted", "server":"akswtt10500000c"}}
{"logTime": "1022/101156", "correlationVector":"sn8v1cDhffFCL5cSzzqEDI.2","action":"Commit Response", "result":"Success", "context":Result: Success. cV=sn8v1cDhffFCL5cSzzqEDI.0;server=akswtt10500000c;cloudType=Consumer;environment=Prod_japaneast_prod-s01-061-apac-japaneast;migrationStage=NotStarted}
{"logTime": "1022/101256", "correlationVector":"NkaKIMolxvC2E7yGP2MDh9","action":"Commit Request", "result":"", "context":Item count: 16
Contributing types: Sessions, History}
{"logTime": "1022/101258", "correlationVector":"NkaKIMolxvC2E7yGP2MDh9.1","action":"SyncServerConnectionManagerRequest", "result":"SYNC_SERVER_OK", "context":{"environment":"Prod_japaneast_prod-s01-061-apac-japaneast", "migrationStage":"NotStarted", "server":"akswtt105000005"}}
{"logTime": "1022/101258", "correlationVector":"NkaKIMolxvC2E7yGP2MDh9.2","action":"Commit Response", "result":"Success", "context":Result: Success. cV=NkaKIMolxvC2E7yGP2MDh9.0;server=akswtt105000005;cloudType=Consumer;environment=Prod_japaneast_prod-s01-061-apac-japaneast;migrationStage=NotStarted}
{"logTime": "1022/102435", "correlationVector":"6Albk1XBryCC6dHUp9sxZL","action":"Normal GetUpdate request", "result":"", "context":cV=6Albk1XBryCC6dHUp9sxZL
Nudged types: Sessions, Device Info, History
Refresh requested types: Bookmarks, Preferences, Passwords, Autofill Profiles, Autofill, Extensions, Sessions, Extension settings, History Delete Directives, Device Info, User Consents, Send Tab To Self, Web Apps, History, Saved Tab Group, WebAuthn Credentials, Collection, Edge E Drop, Edge Hub App Usage, Edge Wallet, Encryption Keys}
{"logTime": "1022/102435", "correlationVector":"6Albk1XBryCC6dHUp9sxZL.1","action":"SyncServerConnectionManagerRequest", "result":"SYNC_SERVER_OK", "context":{"environment":"Prod_japaneast_prod-s01-061-apac-japaneast", "migrationStage":"NotStarted", "server":"akswtt10500000o"}}
{"logTime": "1022/102435", "correlationVector":"6Albk1XBryCC6dHUp9sxZL.2","action":"ProcessGetUpdates", "result":"Done", "context":{"dataType":"Sessions", "deleted":"0", "process_failed_to_decrypt":"0", "process_pending_decryption":"0", "process_success":"5", "total":"5"}}
{"logTime": "1022/102435", "correlationVector":"6Albk1XBryCC6dHUp9sxZL.3","action":"ProcessGetUpdates", "result":"Done", "context":{"dataType":"Device Info", "deleted":"0", "process_failed_to_decrypt":"0", "process_pending_decryption":"0", "process_success":"1", "total":"1"}}
{"logTime": "1022/102435", "correlationVector":"6Albk1XBryCC6dHUp9sxZL.4","action":"ProcessGetUpdates", "result":"Done", "context":{"dataType":"History", "deleted":"0", "process_failed_to_decrypt":"0", "process_pending_decryption":"0", "process_success":"18", "total":"18"}}
{"logTime": "1022/102435", "correlationVector":"6Albk1XBryCC6dHUp9sxZL.5","action":"GetUpdates Response", "result":"Success", "context":Received 24 update(s). cV=6Albk1XBryCC6dHUp9sxZL.0;server=akswtt10500000o;cloudType=Consumer;environment=Prod_japaneast_prod-s01-061-apac-japaneast;migrationStage=NotStarted}
{"logTime": "1022/102436", "correlationVector":"+8QpomCIE7vZnHy/PIyPCk","action":"Commit Request", "result":"", "context":Item count: 11
Contributing types: Sessions, Device Info, History}
{"logTime": "1022/102436", "correlationVector":"+8QpomCIE7vZnHy/PIyPCk.1","action":"SyncServerConnectionManagerRequest", "result":"SYNC_SERVER_OK", "context":{"environment":"Prod_japaneast_prod-s01-061-apac-japaneast", "migrationStage":"NotStarted", "server":"akswtt10500000r"}}
{"logTime": "1022/102436", "correlationVector":"+8QpomCIE7vZnHy/PIyPCk.2","action":"Commit Response", "result":"Success", "context":Result: Success. cV=+8QpomCIE7vZnHy/PIyPCk.0;server=akswtt10500000r;cloudType=Consumer;environment=Prod_japaneast_prod-s01-061-apac-japaneast;migrationStage=NotStarted}
{"logTime": "1022/102437", "correlationVector":"NaCfFx+LJ7sUxq0cjsLuvC","action":"Commit Request", "result":"", "context":Item count: 3
Contributing types: Sessions, History}
{"logTime": "1022/102437", "correlationVector":"NaCfFx+LJ7sUxq0cjsLuvC.1","action":"SyncServerConnectionManagerRequest", "result":"SYNC_SERVER_OK", "context":{"environment":"Prod_japaneast_prod-s01-061-apac-japaneast", "migrationStage":"NotStarted", "server":"akswtt105000008"}}
{"logTime": "1022/102437", "correlationVector":"NaCfFx+LJ7sUxq0cjsLuvC.2","action":"Commit Response", "result":"Success", "context":Result: Success. cV=NaCfFx+LJ7sUxq0cjsLuvC.0;server=akswtt105000008;cloudType=Consumer;environment=Prod_japaneast_prod-s01-061-apac-japaneast;migrationStage=NotStarted}
{"logTime": "1022/102537", "correlationVector":"3KFUqkT5Nq05SPkOaZwmO3","action":"Commit Request", "result":"", "context":Item count: 11
Contributing types: Sessions, History}
{"logTime": "1022/102538", "correlationVector":"3KFUqkT5Nq05SPkOaZwmO3.1","action":"SyncServerConnectionManagerRequest", "result":"SYNC_SERVER_OK", "context":{"environment":"Prod_japaneast_prod-s01-061-apac-japaneast", "migrationStage":"NotStarted", "server":"akswtt105000003"}}
{"logTime": "1022/102538", "correlationVector":"3KFUqkT5Nq05SPkOaZwmO3.2","action":"Commit Response", "result":"Success", "context":Result: Success. cV=3KFUqkT5Nq05SPkOaZwmO3.0;server=akswtt105000003;cloudType=Consumer;environment=Prod_japaneast_prod-s01-061-apac-japaneast;migrationStage=NotStarted}
{"logTime": "1022/102650", "correlationVector":"Yv/nBOoQU1imrMWrWDYQDi","action":"Normal GetUpdate request", "result":"", "context":cV=Yv/nBOoQU1imrMWrWDYQDi
Nudged types: Sessions, History
Notified types: Device Info, History}
{"logTime": "1022/102650", "correlationVector":"Yv/nBOoQU1imrMWrWDYQDi.1","action":"SyncServerConnectionManagerRequest", "result":"SYNC_SERVER_OK", "context":{"environment":"Prod_japaneast_prod-s01-061-apac-japaneast", "migrationStage":"NotStarted", "server":"akswtt10500000q"}}
{"logTime": "1022/102650", "correlationVector":"Yv/nBOoQU1imrMWrWDYQDi.2","action":"ProcessGetUpdates", "result":"Done", "context":{"dataType":"Sessions", "deleted":"0", "process_failed_to_decrypt":"0", "process_pending_decryption":"0", "process_success":"7", "total":"7"}}
{"logTime": "1022/102650", "correlationVector":"Yv/nBOoQU1imrMWrWDYQDi.3","action":"ProcessGetUpdates", "result":"Done", "context":{"dataType":"Device Info", "deleted":"0", "process_failed_to_decrypt":"0", "process_pending_decryption":"0", "process_success":"2", "total":"2"}}
{"logTime": "1022/102650", "correlationVector":"Yv/nBOoQU1imrMWrWDYQDi.4","action":"ProcessGetUpdates", "result":"Done", "context":{"dataType":"History", "deleted":"0", "process_failed_to_decrypt":"0", "process_pending_decryption":"0", "process_success":"14", "total":"14"}}
{"logTime": "1022/102650", "correlationVector":"Yv/nBOoQU1imrMWrWDYQDi.5","action":"GetUpdates Response", "result":"Success", "context":Received 23 update(s). cV=Yv/nBOoQU1imrMWrWDYQDi.0;server=akswtt10500000q;cloudType=Consumer;environment=Prod_japaneast_prod-s01-061-apac-japaneast;migrationStage=NotStarted}
{"logTime": "1022/102650", "correlationVector":"CY1p2CHfSZ1fTNvu8lhjAE","action":"Commit Request", "result":"", "context":Item count: 3
Contributing types: Sessions, History}
{"logTime": "1022/102651", "correlationVector":"CY1p2CHfSZ1fTNvu8lhjAE.1","action":"SyncServerConnectionManagerRequest", "result":"SYNC_SERVER_OK", "context":{"environment":"Prod_japaneast_prod-s01-061-apac-japaneast", "migrationStage":"NotStarted", "server":"akswtt105000004"}}
{"logTime": "1022/102651", "correlationVector":"CY1p2CHfSZ1fTNvu8lhjAE.2","action":"Commit Response", "result":"Success", "context":Result: Success. cV=CY1p2CHfSZ1fTNvu8lhjAE.0;server=akswtt105000004;cloudType=Consumer;environment=Prod_japaneast_prod-s01-061-apac-japaneast;migrationStage=NotStarted}
{"logTime": "1022/102651", "correlationVector":"pQI/fgSOSGTVUiII0xS+k5","action":"Normal GetUpdate request", "result":"", "context":cV=pQI/fgSOSGTVUiII0xS+k5
Nudged types: Sessions, History
Notified types: History}
{"logTime": "1022/102651", "correlationVector":"pQI/fgSOSGTVUiII0xS+k5.1","action":"SyncServerConnectionManagerRequest", "result":"SYNC_SERVER_OK", "context":{"environment":"Prod_japaneast_prod-s01-061-apac-japaneast", "migrationStage":"NotStarted", "server":"akswtt105000004"}}
{"logTime": "1022/102651", "correlationVector":"pQI/fgSOSGTVUiII0xS+k5.2","action":"ProcessGetUpdates", "result":"Done", "context":{"dataType":"Sessions", "deleted":"0", "process_failed_to_decrypt":"0", "process_pending_decryption":"0", "process_success":"2", "total":"2"}}
{"logTime": "1022/102651", "correlationVector":"pQI/fgSOSGTVUiII0xS+k5.3","action":"ProcessGetUpdates", "result":"Done", "context":{"dataType":"History", "deleted":"0", "process_failed_to_decrypt":"0", "process_pending_decryption":"0", "process_success":"2", "total":"2"}}
{"logTime": "1022/102651", "correlationVector":"pQI/fgSOSGTVUiII0xS+k5.4","action":"GetUpdates Response", "result":"Success", "context":Received 4 update(s). cV=pQI/fgSOSGTVUiII0xS+k5.0;server=akswtt105000004;cloudType=Consumer;environment=Prod_japaneast_prod-s01-061-apac-japaneast;migrationStage=NotStarted}
{"logTime": "1022/102652", "correlationVector":"uWdrVd2MUkOZilIGrha3lA","action":"Normal GetUpdate request", "result":"", "context":cV=uWdrVd2MUkOZilIGrha3lA
Notified types: History}
{"logTime": "1022/102652", "correlationVector":"uWdrVd2MUkOZilIGrha3lA.1","action":"SyncServerConnectionManagerRequest", "result":"SYNC_SERVER_OK", "context":{"environment":"Prod_japaneast_prod-s01-061-apac-japaneast", "migrationStage":"NotStarted", "server":"akswtt105000010"}}
{"logTime": "1022/102652", "correlationVector":"uWdrVd2MUkOZilIGrha3lA.2","action":"ProcessGetUpdates", "result":"Done", "context":{"dataType":"Sessions", "deleted":"0", "process_failed_to_decrypt":"0", "process_pending_decryption":"0", "process_success":"1", "total":"1"}}
{"logTime": "1022/102652", "correlationVector":"uWdrVd2MUkOZilIGrha3lA.3","action":"ProcessGetUpdates", "result":"Done", "context":{"dataType":"History", "deleted":"0", "process_failed_to_decrypt":"0", "process_pending_decryption":"0", "process_success":"1", "total":"1"}}
{"logTime": "1022/102652", "correlationVector":"uWdrVd2MUkOZilIGrha3lA.4","action":"GetUpdates Response", "result":"Success", "context":Received 2 update(s). cV=uWdrVd2MUkOZilIGrha3lA.0;server=akswtt105000010;cloudType=Consumer;environment=Prod_japaneast_prod-s01-061-apac-japaneast;migrationStage=NotStarted}
{"logTime": "1022/102700", "correlationVector":"ApzGGt8rdfiJUBhydzTJ13","action":"Normal GetUpdate request", "result":"", "context":cV=ApzGGt8rdfiJUBhydzTJ13
Notified types: Device Info}
{"logTime": "1022/102700", "correlationVector":"ApzGGt8rdfiJUBhydzTJ13.1","action":"SyncServerConnectionManagerRequest", "result":"SYNC_SERVER_OK", "context":{"environment":"Prod_japaneast_prod-s01-061-apac-japaneast", "migrationStage":"NotStarted", "server":"akswtt105000008"}}
{"logTime": "1022/102700", "correlationVector":"ApzGGt8rdfiJUBhydzTJ13.2","action":"ProcessGetUpdates", "result":"Done", "context":{"dataType":"Device Info", "deleted":"0", "process_failed_to_decrypt":"0", "process_pending_decryption":"0", "process_success":"1", "total":"1"}}
{"logTime": "1022/102700", "correlationVector":"ApzGGt8rdfiJUBhydzTJ13.3","action":"GetUpdates Response", "result":"Success", "context":Received 1 update(s). cV=ApzGGt8rdfiJUBhydzTJ13.0;server=akswtt105000008;cloudType=Consumer;environment=Prod_japaneast_prod-s01-061-apac-japaneast;migrationStage=NotStarted}
{"logTime": "1022/104826", "correlationVector":"HXr4akJjp1hZkmX8NibgI6","action":"Normal GetUpdate request", "result":"", "context":cV=HXr4akJjp1hZkmX8NibgI6
Nudged types: Sessions, Device Info, History
Refresh requested types: Bookmarks, Preferences, Passwords, Autofill Profiles, Autofill, Extensions, Sessions, Extension settings, History Delete Directives, Device Info, User Consents, Send Tab To Self, Web Apps, History, Saved Tab Group, WebAuthn Credentials, Collection, Edge E Drop, Edge Hub App Usage, Edge Wallet, Encryption Keys}
{"logTime": "1022/104827", "correlationVector":"HXr4akJjp1hZkmX8NibgI6.1","action":"SyncServerConnectionManagerRequest", "result":"SYNC_SERVER_OK", "context":{"environment":"Prod_japaneast_prod-s01-061-apac-japaneast", "migrationStage":"NotStarted", "server":"akswtt105000000"}}
{"logTime": "1022/104827", "correlationVector":"HXr4akJjp1hZkmX8NibgI6.2","action":"ProcessGetUpdates", "result":"Done", "context":{"dataType":"Sessions", "deleted":"0", "process_failed_to_decrypt":"0", "process_pending_decryption":"0", "process_success":"3", "total":"3"}}
{"logTime": "1022/104827", "correlationVector":"HXr4akJjp1hZkmX8NibgI6.3","action":"ProcessGetUpdates", "result":"Done", "context":{"dataType":"History", "deleted":"0", "process_failed_to_decrypt":"0", "process_pending_decryption":"0", "process_success":"3", "total":"3"}}
{"logTime": "1022/104827", "correlationVector":"HXr4akJjp1hZkmX8NibgI6.4","action":"GetUpdates Response", "result":"Success", "context":Received 6 update(s). cV=HXr4akJjp1hZkmX8NibgI6.0;server=akswtt105000000;cloudType=Consumer;environment=Prod_japaneast_prod-s01-061-apac-japaneast;migrationStage=NotStarted}
{"logTime": "1022/104827", "correlationVector":"Ggjvu7j/+F+zB9/vj5Ohf9","action":"Commit Request", "result":"", "context":Item count: 12
Contributing types: Sessions, Device Info, History}
{"logTime": "1022/104828", "correlationVector":"Ggjvu7j/+F+zB9/vj5Ohf9.1","action":"SyncServerConnectionManagerRequest", "result":"SYNC_SERVER_OK", "context":{"environment":"Prod_japaneast_prod-s01-061-apac-japaneast", "migrationStage":"NotStarted", "server":"akswtt10500000o"}}
{"logTime": "1022/104828", "correlationVector":"Ggjvu7j/+F+zB9/vj5Ohf9.2","action":"Commit Response", "result":"Success", "context":Result: Success. cV=Ggjvu7j/+F+zB9/vj5Ohf9.0;server=akswtt10500000o;cloudType=Consumer;environment=Prod_japaneast_prod-s01-061-apac-japaneast;migrationStage=NotStarted}
{"logTime": "1022/104828", "correlationVector":"feHsKxFlvSplnzAPW56kWe","action":"Commit Request", "result":"", "context":Item count: 5
Contributing types: Sessions, History}
{"logTime": "1022/104829", "correlationVector":"feHsKxFlvSplnzAPW56kWe.1","action":"SyncServerConnectionManagerRequest", "result":"SYNC_SERVER_OK", "context":{"environment":"Prod_japaneast_prod-s01-061-apac-japaneast", "migrationStage":"NotStarted", "server":"akswtt10500000w"}}
{"logTime": "1022/104829", "correlationVector":"feHsKxFlvSplnzAPW56kWe.2","action":"Commit Response", "result":"Success", "context":Result: Success. cV=feHsKxFlvSplnzAPW56kWe.0;server=akswtt10500000w;cloudType=Consumer;environment=Prod_japaneast_prod-s01-061-apac-japaneast;migrationStage=NotStarted}
{"logTime": "1022/104929", "correlationVector":"xAjrlCeiQxvhE7YRjBc0tE","action":"Commit Request", "result":"", "context":Item count: 10
Contributing types: Sessions, History}
{"logTime": "1022/104929", "correlationVector":"xAjrlCeiQxvhE7YRjBc0tE.1","action":"SyncServerConnectionManagerRequest", "result":"SYNC_SERVER_OK", "context":{"environment":"Prod_japaneast_prod-s01-061-apac-japaneast", "migrationStage":"NotStarted", "server":"akswtt10500000n"}}
{"logTime": "1022/104929", "correlationVector":"xAjrlCeiQxvhE7YRjBc0tE.2","action":"Commit Response", "result":"Success", "context":Result: Success. cV=xAjrlCeiQxvhE7YRjBc0tE.0;server=akswtt10500000n;cloudType=Consumer;environment=Prod_japaneast_prod-s01-061-apac-japaneast;migrationStage=NotStarted}
{"logTime": "1023/093908", "correlationVector":"vJ1WJ0NEv6G349ORZMzYkj","action":"Normal GetUpdate request", "result":"", "context":cV=vJ1WJ0NEv6G349ORZMzYkj
Nudged types: Sessions, Device Info, History
Refresh requested types: Bookmarks, Preferences, Passwords, Autofill Profiles, Autofill, Extensions, Sessions, Extension settings, History Delete Directives, Device Info, User Consents, Send Tab To Self, Web Apps, History, Saved Tab Group, WebAuthn Credentials, Collection, Edge E Drop, Edge Hub App Usage, Edge Wallet, Encryption Keys}
{"logTime": "1023/093912", "correlationVector":"vJ1WJ0NEv6G349ORZMzYkj.1","action":"SyncServerConnectionManagerRequest", "result":"SYNC_SERVER_OK", "context":{"environment":"Prod_japaneast_prod-s01-061-apac-japaneast", "migrationStage":"NotStarted", "server":"akswtt10500000k"}}
{"logTime": "1023/093912", "correlationVector":"vJ1WJ0NEv6G349ORZMzYkj.2","action":"ProcessGetUpdates", "result":"Done", "context":{"dataType":"Preferences", "deleted":"0", "process_failed_to_decrypt":"0", "process_pending_decryption":"0", "process_success":"1", "total":"1"}}
{"logTime": "1023/093912", "correlationVector":"vJ1WJ0NEv6G349ORZMzYkj.3","action":"ProcessGetUpdates", "result":"Done", "context":{"dataType":"Sessions", "deleted":"3", "process_failed_to_decrypt":"0", "process_pending_decryption":"0", "process_success":"10", "total":"10"}}
{"logTime": "1023/093912", "correlationVector":"vJ1WJ0NEv6G349ORZMzYkj.4","action":"ProcessGetUpdates", "result":"Done", "context":{"dataType":"Device Info", "deleted":"0", "process_failed_to_decrypt":"0", "process_pending_decryption":"0", "process_success":"2", "total":"2"}}
{"logTime": "1023/093912", "correlationVector":"vJ1WJ0NEv6G349ORZMzYkj.5","action":"ProcessGetUpdates", "result":"Done", "context":{"dataType":"History", "deleted":"0", "process_failed_to_decrypt":"0", "process_pending_decryption":"0", "process_success":"21", "total":"21"}}
{"logTime": "1023/093912", "correlationVector":"vJ1WJ0NEv6G349ORZMzYkj.6","action":"GetUpdates Response", "result":"Success", "context":Received 34 update(s). cV=vJ1WJ0NEv6G349ORZMzYkj.0;server=akswtt10500000k;cloudType=Consumer;environment=Prod_japaneast_prod-s01-061-apac-japaneast;migrationStage=NotStarted}
{"logTime": "1023/093912", "correlationVector":"Ejt8AnhIt7zuHdef7DIg+f","action":"Commit Request", "result":"", "context":Item count: 12
Contributing types: Sessions, Device Info, History}
{"logTime": "1023/093913", "correlationVector":"Ejt8AnhIt7zuHdef7DIg+f.1","action":"SyncServerConnectionManagerRequest", "result":"SYNC_SERVER_OK", "context":{"environment":"Prod_japaneast_prod-s01-061-apac-japaneast", "migrationStage":"NotStarted", "server":"akswtt10500000v"}}
{"logTime": "1023/093913", "correlationVector":"Ejt8AnhIt7zuHdef7DIg+f.2","action":"Commit Response", "result":"Success", "context":Result: Success. cV=Ejt8AnhIt7zuHdef7DIg+f.0;server=akswtt10500000v;cloudType=Consumer;environment=Prod_japaneast_prod-s01-061-apac-japaneast;migrationStage=NotStarted}
{"logTime": "1023/093914", "correlationVector":"Ye5wtQMd9sRsPlb0PDidXM","action":"SyncServerConnectionManagerRequest", "result":"SYNC_SERVER_OK", "context":{"environment":"", "migrationStage":"", "server":""}}
{"logTime": "1023/093914", "correlationVector":"Ye5wtQMd9sRsPlb0PDidXM.0","action":"EncryptionKeysFetcher.DownloadKeys:", "result":"Success", "context":Key count: 10, Last key timestamp: 2025-08-19T08:57:46Z}
{"logTime": "1023/093914", "correlationVector":"Ye5wtQMd9sRsPlb0PDidXM.1","action":"EncryptionKeysManager::SetEncryptionKeys:", "result":"Success", "context":Key names[10]:[DRyjB0y0RNChaSrn+f5pwYa07QfEbPNojGzC8x2FGOc53UzgdQYakcb4lneK9gysnrAiW6bFE0oP7fk61zI1Jw==][lWYcXPXzeuJNHuAKkuOeltCWH+T1NBOLsBBZKzeKJd4jk1P3beYho2eWyUexo71/Mrc2z9bJ2XGl+ozZNNXq9g==][naURkcrZYTWP43C4OkUgMlJsAAOMEMtsIRNeWMg2p6Wc9oQD9y+jp7pw87whZcia/OYpwUGOvKFU6FyXD4Kjjw==][HhRrZ15wO30vVP9ijiUFE2NcNf1qnkn0VC2kgLBrHL/5Z6FsApjRdeBcIO+yKPcO+A0m+HhAHAWLvzu9obqmDA==][HrSi2+byt5/ZgtzK66arFV8hGDs48U/iN5/XOBITIpJso45T56L5RMZ1FxD7VV6t316N0dGV5VKcLpLbchTbWA==][ehL/fXzZnekuNr+QBmkl1ps5K8EXj5ukWEjkeJHO5wL8xk2sUkk3anhA889q8ezAVCw1JFubJC1MPWE5zmSbSw==][iQADIp/lhG2eH/3kYMpNp3E80eKnaEz7PV91svvxIpomlyx2Lh2zC6hRLzPTwRVXcDabW0Xf75mqaDd2ApiQYg==][iMhVWU47tNE/1+WShjIW3v894VMG7MTx37giykdn3CWWFbVjnQkiltVYtpwdIN/UABT+FYwlbmsRSwBzimPRSw==][8EsSuVcHSbDwFbNy2vb8dQQoyCLp+bRVwFkM1lzKZKTr6t3mTrZ4NQ+L+BEfsZkeDE7Lu0XJkyIATUBR7RgpHQ==][QpN0tNOQ2g2DwrF1EWaVTIPF071/Ey4K6fttZmdxXSOnVPhStRddqL74XRW0IZ3a5LQRrLnutPZ761JO6QJvdQ==]}
{"logTime": "1023/093914", "correlationVector":"Ye5wtQMd9sRsPlb0PDidXM.2","action":"EncryptionKeysManager::SetEncryptionKeysWithTimestamps:", "result":"Success", "context":Key timestamps[10]:[2021-04-30T02:16:03Z][2021-10-28T01:08:36Z][2022-04-28T01:07:26Z][2022-10-26T01:51:23Z][2023-04-24T04:52:10Z][2023-12-08T07:21:41Z][2024-06-07T02:25:10Z][2024-12-04T07:27:25Z][2025-06-04T02:37:07Z][2025-08-19T08:57:46Z]}
{"logTime": "1023/093914", "correlationVector":"yKj6JgvxdfXrD2lCGImWWZ","action":"Poll GetUpdate request", "result":"", "context":cV=yKj6JgvxdfXrD2lCGImWWZ}
{"logTime": "1023/093914", "correlationVector":"yKj6JgvxdfXrD2lCGImWWZ.1","action":"SyncServerConnectionManagerRequest", "result":"SYNC_SERVER_OK", "context":{"environment":"Prod_japaneast_prod-s01-061-apac-japaneast", "migrationStage":"NotStarted", "server":"akswtt10500000f"}}
{"logTime": "1023/093914", "correlationVector":"yKj6JgvxdfXrD2lCGImWWZ.2","action":"ProcessGetUpdates", "result":"Done", "context":{"dataType":"Sessions", "deleted":"0", "process_failed_to_decrypt":"0", "process_pending_decryption":"0", "process_success":"5", "total":"5"}}
{"logTime": "1023/093914", "correlationVector":"yKj6JgvxdfXrD2lCGImWWZ.3","action":"ProcessGetUpdates", "result":"Done", "context":{"dataType":"Device Info", "deleted":"0", "process_failed_to_decrypt":"0", "process_pending_decryption":"0", "process_success":"1", "total":"1"}}
{"logTime": "1023/093914", "correlationVector":"yKj6JgvxdfXrD2lCGImWWZ.4","action":"ProcessGetUpdates", "result":"Done", "context":{"dataType":"History", "deleted":"0", "process_failed_to_decrypt":"0", "process_pending_decryption":"0", "process_success":"6", "total":"6"}}
{"logTime": "1023/093914", "correlationVector":"yKj6JgvxdfXrD2lCGImWWZ.5","action":"GetUpdates Response", "result":"Success", "context":Received 12 update(s). cV=yKj6JgvxdfXrD2lCGImWWZ.0;server=akswtt10500000f;cloudType=Consumer;environment=Prod_japaneast_prod-s01-061-apac-japaneast;migrationStage=NotStarted}
{"logTime": "1023/093914", "correlationVector":"nDny7QJg1r3msK+m0sJUag","action":"Commit Request", "result":"", "context":Item count: 3
Contributing types: Sessions, History}
{"logTime": "1023/093915", "correlationVector":"nDny7QJg1r3msK+m0sJUag.1","action":"SyncServerConnectionManagerRequest", "result":"SYNC_SERVER_OK", "context":{"environment":"Prod_japaneast_prod-s01-061-apac-japaneast", "migrationStage":"NotStarted", "server":"akswtt10500000l"}}
{"logTime": "1023/093915", "correlationVector":"nDny7QJg1r3msK+m0sJUag.2","action":"Commit Response", "result":"Success", "context":Result: Success. cV=nDny7QJg1r3msK+m0sJUag.0;server=akswtt10500000l;cloudType=Consumer;environment=Prod_japaneast_prod-s01-061-apac-japaneast;migrationStage=NotStarted}
{"logTime": "1023/093939", "correlationVector":"YzqEEVU0kTHGIAGzCwXAe1","action":"Commit Request", "result":"", "context":Item count: 10
Contributing types: Preferences, Sessions, History}
{"logTime": "1023/093940", "correlationVector":"YzqEEVU0kTHGIAGzCwXAe1.1","action":"SyncServerConnectionManagerRequest", "result":"SYNC_SERVER_OK", "context":{"environment":"Prod_japaneast_prod-s01-061-apac-japaneast", "migrationStage":"NotStarted", "server":"akswtt10500000m"}}
{"logTime": "1023/093940", "correlationVector":"YzqEEVU0kTHGIAGzCwXAe1.2","action":"Commit Response", "result":"Success", "context":Result: Success. cV=YzqEEVU0kTHGIAGzCwXAe1.0;server=akswtt10500000m;cloudType=Consumer;environment=Prod_japaneast_prod-s01-061-apac-japaneast;migrationStage=NotStarted}
{"logTime": "1023/095139", "correlationVector":"PrdbgO7xomvHbEaw8uqXue","action":"Normal GetUpdate request", "result":"", "context":cV=PrdbgO7xomvHbEaw8uqXue
Nudged types: Sessions, Device Info, History
Refresh requested types: Bookmarks, Preferences, Passwords, Autofill Profiles, Autofill, Extensions, Sessions, Extension settings, History Delete Directives, Device Info, User Consents, Send Tab To Self, Web Apps, History, Saved Tab Group, WebAuthn Credentials, Collection, Edge E Drop, Edge Hub App Usage, Edge Wallet, Encryption Keys}
{"logTime": "1023/095140", "correlationVector":"PrdbgO7xomvHbEaw8uqXue.1","action":"SyncServerConnectionManagerRequest", "result":"SYNC_SERVER_OK", "context":{"environment":"Prod_japaneast_prod-s01-061-apac-japaneast", "migrationStage":"NotStarted", "server":"akswtt10500000r"}}
{"logTime": "1023/095140", "correlationVector":"PrdbgO7xomvHbEaw8uqXue.2","action":"ProcessGetUpdates", "result":"Done", "context":{"dataType":"Sessions", "deleted":"0", "process_failed_to_decrypt":"0", "process_pending_decryption":"0", "process_success":"5", "total":"5"}}
{"logTime": "1023/095140", "correlationVector":"PrdbgO7xomvHbEaw8uqXue.3","action":"ProcessGetUpdates", "result":"Done", "context":{"dataType":"Device Info", "deleted":"0", "process_failed_to_decrypt":"0", "process_pending_decryption":"0", "process_success":"1", "total":"1"}}
{"logTime": "1023/095140", "correlationVector":"PrdbgO7xomvHbEaw8uqXue.4","action":"ProcessGetUpdates", "result":"Done", "context":{"dataType":"History", "deleted":"0", "process_failed_to_decrypt":"0", "process_pending_decryption":"0", "process_success":"6", "total":"6"}}
{"logTime": "1023/095140", "correlationVector":"PrdbgO7xomvHbEaw8uqXue.5","action":"GetUpdates Response", "result":"Success", "context":Received 12 update(s). cV=PrdbgO7xomvHbEaw8uqXue.0;server=akswtt10500000r;cloudType=Consumer;environment=Prod_japaneast_prod-s01-061-apac-japaneast;migrationStage=NotStarted}
{"logTime": "1023/095140", "correlationVector":"u+JhxiG17A3TK5/G6X8Tmo","action":"Commit Request", "result":"", "context":Item count: 9
Contributing types: Sessions, History}
{"logTime": "1023/095141", "correlationVector":"u+JhxiG17A3TK5/G6X8Tmo.1","action":"SyncServerConnectionManagerRequest", "result":"SYNC_SERVER_OK", "context":{"environment":"Prod_japaneast_prod-s01-061-apac-japaneast", "migrationStage":"NotStarted", "server":"akswtt105000006"}}
{"logTime": "1023/095141", "correlationVector":"u+JhxiG17A3TK5/G6X8Tmo.2","action":"Commit Response", "result":"Success", "context":Result: Success. cV=u+JhxiG17A3TK5/G6X8Tmo.0;server=akswtt105000006;cloudType=Consumer;environment=Prod_japaneast_prod-s01-061-apac-japaneast;migrationStage=NotStarted}
{"logTime": "1023/095241", "correlationVector":"rhZmMbHayQlt4S8nqa1oCd","action":"Commit Request", "result":"", "context":Item count: 17
Contributing types: Sessions, History}
{"logTime": "1023/095242", "correlationVector":"rhZmMbHayQlt4S8nqa1oCd.1","action":"SyncServerConnectionManagerRequest", "result":"SYNC_SERVER_OK", "context":{"environment":"Prod_japaneast_prod-s01-061-apac-japaneast", "migrationStage":"NotStarted", "server":"akswtt10500000k"}}
{"logTime": "1023/095242", "correlationVector":"rhZmMbHayQlt4S8nqa1oCd.3","action":"Commit.Sessions", "result":"Success", "context":{"id":"c1951c7b-0470-4736-9c7b-3e29f7ad271e", "isDeleted":"true", "size":"0", "version":"1761212932341"}}
{"logTime": "1023/095242", "correlationVector":"rhZmMbHayQlt4S8nqa1oCd.4","action":"Commit.Sessions", "result":"Success", "context":{"id":"204c2b81-c142-4813-ac9b-8d90f08479af", "isDeleted":"true", "size":"0", "version":"1761212932342"}}
{"logTime": "1023/095242", "correlationVector":"rhZmMbHayQlt4S8nqa1oCd.2","action":"Commit Response", "result":"Success", "context":Result: Success. cV=rhZmMbHayQlt4S8nqa1oCd.0;server=akswtt10500000k;cloudType=Consumer;environment=Prod_japaneast_prod-s01-061-apac-japaneast;migrationStage=NotStarted}
{"logTime": "1023/095246", "correlationVector":"XmEkfPIa8HEeqJXfyjyEn2","action":"Commit Request", "result":"", "context":Item count: 1
Contributing types: Device Info}
{"logTime": "1023/095247", "correlationVector":"XmEkfPIa8HEeqJXfyjyEn2.1","action":"SyncServerConnectionManagerRequest", "result":"SYNC_SERVER_OK", "context":{"environment":"Prod_japaneast_prod-s01-061-apac-japaneast", "migrationStage":"NotStarted", "server":"akswtt10500000l"}}
{"logTime": "1023/095247", "correlationVector":"XmEkfPIa8HEeqJXfyjyEn2.2","action":"Commit Response", "result":"Success", "context":Result: Success. cV=XmEkfPIa8HEeqJXfyjyEn2.0;server=akswtt10500000l;cloudType=Consumer;environment=Prod_japaneast_prod-s01-061-apac-japaneast;migrationStage=NotStarted}
{"logTime": "1023/100258", "correlationVector":"7lOa/Q/L07enacpJwYYzdd","action":"Normal GetUpdate request", "result":"", "context":cV=7lOa/Q/L07enacpJwYYzdd
Nudged types: Sessions, Device Info, History
Refresh requested types: Bookmarks, Preferences, Passwords, Autofill Profiles, Autofill, Extensions, Sessions, Extension settings, History Delete Directives, Device Info, User Consents, Send Tab To Self, Web Apps, History, Saved Tab Group, WebAuthn Credentials, Collection, Edge E Drop, Edge Hub App Usage, Edge Wallet, Encryption Keys}
{"logTime": "1023/100259", "correlationVector":"7lOa/Q/L07enacpJwYYzdd.1","action":"SyncServerConnectionManagerRequest", "result":"SYNC_SERVER_OK", "context":{"environment":"Prod_japaneast_prod-s01-061-apac-japaneast", "migrationStage":"NotStarted", "server":"akswtt10500000h"}}
{"logTime": "1023/100259", "correlationVector":"7lOa/Q/L07enacpJwYYzdd.2","action":"ProcessGetUpdates", "result":"Done", "context":{"dataType":"Sessions", "deleted":"2", "process_failed_to_decrypt":"0", "process_pending_decryption":"0", "process_success":"7", "total":"7"}}
{"logTime": "1023/100259", "correlationVector":"7lOa/Q/L07enacpJwYYzdd.3","action":"ProcessGetUpdates", "result":"Done", "context":{"dataType":"Device Info", "deleted":"0", "process_failed_to_decrypt":"0", "process_pending_decryption":"0", "process_success":"1", "total":"1"}}
{"logTime": "1023/100259", "correlationVector":"7lOa/Q/L07enacpJwYYzdd.4","action":"ProcessGetUpdates", "result":"Done", "context":{"dataType":"History", "deleted":"0", "process_failed_to_decrypt":"0", "process_pending_decryption":"0", "process_success":"15", "total":"15"}}
{"logTime": "1023/100259", "correlationVector":"7lOa/Q/L07enacpJwYYzdd.5","action":"GetUpdates Response", "result":"Success", "context":Received 23 update(s). cV=7lOa/Q/L07enacpJwYYzdd.0;server=akswtt10500000h;cloudType=Consumer;environment=Prod_japaneast_prod-s01-061-apac-japaneast;migrationStage=NotStarted}
{"logTime": "1023/100259", "correlationVector":"Z85o8BcljXm4Bh0cmz/XnP","action":"Commit Request", "result":"", "context":Item count: 14
Contributing types: Sessions, Device Info, History}
{"logTime": "1023/100300", "correlationVector":"Z85o8BcljXm4Bh0cmz/XnP.1","action":"SyncServerConnectionManagerRequest", "result":"SYNC_SERVER_OK", "context":{"environment":"Prod_japaneast_prod-s01-061-apac-japaneast", "migrationStage":"NotStarted", "server":"akswtt10500000z"}}
{"logTime": "1023/100300", "correlationVector":"Z85o8BcljXm4Bh0cmz/XnP.3","action":"Commit.Sessions", "result":"Success", "context":{"id":"bcdc3592-8349-4cdb-90ed-79d16e23ebd2", "isDeleted":"true", "size":"0", "version":"1761213162325"}}
{"logTime": "1023/100300", "correlationVector":"Z85o8BcljXm4Bh0cmz/XnP.4","action":"Commit.Sessions", "result":"Success", "context":{"id":"731a0a7f-926a-4260-8df2-f4ddd09b91ef", "isDeleted":"true", "size":"0", "version":"1761213162322"}}
{"logTime": "1023/100300", "correlationVector":"Z85o8BcljXm4Bh0cmz/XnP.2","action":"Commit Response", "result":"Success", "context":Result: Success. cV=Z85o8BcljXm4Bh0cmz/XnP.0;server=akswtt10500000z;cloudType=Consumer;environment=Prod_japaneast_prod-s01-061-apac-japaneast;migrationStage=NotStarted}
{"logTime": "1023/100300", "correlationVector":"y1JN2mmYc0vZFGd8WOdbSF","action":"Commit Request", "result":"", "context":Item count: 9
Contributing types: Sessions, History}
{"logTime": "1023/100301", "correlationVector":"y1JN2mmYc0vZFGd8WOdbSF.1","action":"SyncServerConnectionManagerRequest", "result":"SYNC_SERVER_OK", "context":{"environment":"Prod_japaneast_prod-s01-061-apac-japaneast", "migrationStage":"NotStarted", "server":"akswtt10500000r"}}
{"logTime": "1023/100301", "correlationVector":"y1JN2mmYc0vZFGd8WOdbSF.2","action":"Commit Response", "result":"Success", "context":Result: Success. cV=y1JN2mmYc0vZFGd8WOdbSF.0;server=akswtt10500000r;cloudType=Consumer;environment=Prod_japaneast_prod-s01-061-apac-japaneast;migrationStage=NotStarted}
{"logTime": "1023/100401", "correlationVector":"j8XJ0sUKAfMUxGW0bYq0Ex","action":"Commit Request", "result":"", "context":Item count: 11
Contributing types: Sessions, History}
{"logTime": "1023/100402", "correlationVector":"j8XJ0sUKAfMUxGW0bYq0Ex.1","action":"SyncServerConnectionManagerRequest", "result":"SYNC_SERVER_OK", "context":{"environment":"Prod_japaneast_prod-s01-061-apac-japaneast", "migrationStage":"NotStarted", "server":"akswtt10500000i"}}
{"logTime": "1023/100402", "correlationVector":"j8XJ0sUKAfMUxGW0bYq0Ex.2","action":"Commit Response", "result":"Success", "context":Result: Success. cV=j8XJ0sUKAfMUxGW0bYq0Ex.0;server=akswtt10500000i;cloudType=Consumer;environment=Prod_japaneast_prod-s01-061-apac-japaneast;migrationStage=NotStarted}
