2025-10-17 04:04:17.709: [INFO] VisibilityChanged: 0
2025-10-17 04:04:17.736: [INFO] RecordSyncInitDuration has_sync_been_enabled: 0 state: 0
2025-10-17 04:04:17.736: [INFO] RecordSyncInitDuration has_sync_been_enabled: 0 state: 0
2025-10-17 04:04:17.736: [INFO] RecordSyncInitDuration has_sync_been_enabled: 0 state: 0
2025-10-17 04:04:17.737: [INFO] RecordSyncInitDuration has_sync_been_enabled: 0 state: 0
2025-10-17 04:04:17.737: [INFO] RecordSyncInitDuration has_sync_been_enabled: 0 state: 0
2025-10-17 04:04:17.737: [INFO] RecordSyncInitDuration has_sync_been_enabled: 0 state: 0
2025-10-17 04:04:17.738: [INFO] RecordSyncInitDuration has_sync_been_enabled: 0 state: 0
2025-10-17 04:04:17.738: [INFO] RecordSyncInitDuration has_sync_been_enabled: 0 state: 0
2025-10-17 04:04:17.738: [INFO] RecordSyncInitDuration has_sync_been_enabled: 0 state: 0
2025-10-17 04:04:17.739: [INFO] RecordSyncInitDuration has_sync_been_enabled: 0 state: 0
2025-10-17 04:04:17.739: [INFO] RecordSyncInitDuration has_sync_been_enabled: 0 state: 0
2025-10-17 04:04:17.743: [INFO] BookmarkModelLoaded, ids_reassigned: 0
2025-10-17 04:04:17.743: [INFO] OnDoneLoading sync enabled: 0
2025-10-17 04:04:17.767: [INFO] RecordSyncInitDuration has_sync_been_enabled: 0 state: 0
2025-10-17 04:04:23.590: [INFO] RecordSyncInitDuration has_sync_been_enabled: 0 state: 3
2025-10-17 04:04:23.591: [INFO] Primary account changed.
2025-10-17 04:04:23.591: [INFO] OnPrimaryAccountChanged PrimaryAccountChangeEvent::Type::kSet
2025-10-17 04:04:25.316: [INFO] BookmarkNodeAdded, ABU: 0
2025-10-17 04:04:25.316: [INFO] BookmarkNodeAdded, ABU: 0
2025-10-17 04:04:25.316: [INFO] BookmarkNodeAdded, ABU: 0
2025-10-17 04:04:25.316: [INFO] BookmarkNodeAdded, ABU: 0
2025-10-17 04:04:25.316: [INFO] BookmarkNodeAdded, ABU: 0
2025-10-17 04:04:25.316: [INFO] BookmarkNodeAdded, ABU: 0
2025-10-17 04:04:25.316: [INFO] BookmarkNodeAdded, ABU: 0
2025-10-17 04:04:25.316: [INFO] BookmarkNodeAdded, ABU: 0
2025-10-17 04:04:25.594: [INFO] Sync initialization duration: 2002ms
2025-10-17 04:16:37.766: [INFO] VisibilityChanged: 0
2025-10-17 04:16:37.793: [INFO] BookmarkModelLoaded, ids_reassigned: 0
2025-10-17 04:16:37.793: [INFO] OnDoneLoading sync enabled: 1
2025-10-17 04:16:37.911: [INFO] Sync initialization duration: 47ms
2025-10-17 04:19:43.545: [INFO] VisibilityChanged: 0
2025-10-17 04:19:43.574: [INFO] BookmarkModelLoaded, ids_reassigned: 0
2025-10-17 04:19:43.574: [INFO] OnDoneLoading sync enabled: 1
2025-10-17 04:19:43.701: [INFO] Sync initialization duration: 50ms
2025-10-17 04:29:17.206: [INFO] VisibilityChanged: 0
2025-10-17 04:29:17.238: [INFO] BookmarkModelLoaded, ids_reassigned: 0
2025-10-17 04:29:17.238: [INFO] OnDoneLoading sync enabled: 1
2025-10-17 04:29:17.367: [INFO] Sync initialization duration: 54ms
2025-10-17 04:31:04.255: [INFO] VisibilityChanged: 0
2025-10-17 04:31:04.286: [INFO] BookmarkModelLoaded, ids_reassigned: 0
2025-10-17 04:31:04.286: [INFO] OnDoneLoading sync enabled: 1
2025-10-17 04:31:04.412: [INFO] Sync initialization duration: 50ms
2025-10-17 05:12:00.468: [INFO] VisibilityChanged: 0
2025-10-17 05:12:00.502: [INFO] BookmarkModelLoaded, ids_reassigned: 0
2025-10-17 05:12:00.502: [INFO] OnDoneLoading sync enabled: 1
2025-10-17 05:12:00.628: [INFO] Sync initialization duration: 51ms
2025-10-17 05:20:18.933: [INFO] VisibilityChanged: 0
2025-10-17 05:20:18.966: [INFO] BookmarkModelLoaded, ids_reassigned: 0
2025-10-17 05:20:18.966: [INFO] OnDoneLoading sync enabled: 1
2025-10-17 05:20:19.108: [INFO] Sync initialization duration: 62ms
2025-10-17 05:32:26.059: [INFO] VisibilityChanged: 0
2025-10-17 05:32:26.088: [INFO] BookmarkModelLoaded, ids_reassigned: 0
2025-10-17 05:32:26.088: [INFO] OnDoneLoading sync enabled: 1
2025-10-17 05:32:26.213: [INFO] Sync initialization duration: 51ms
2025-10-17 05:51:42.212: [INFO] VisibilityChanged: 0
2025-10-17 05:51:42.241: [INFO] BookmarkModelLoaded, ids_reassigned: 0
2025-10-17 05:51:42.241: [INFO] OnDoneLoading sync enabled: 1
2025-10-17 05:51:42.372: [INFO] Sync initialization duration: 61ms
2025-10-17 06:14:59.052: [INFO] VisibilityChanged: 0
2025-10-17 06:14:59.083: [INFO] BookmarkModelLoaded, ids_reassigned: 0
2025-10-17 06:14:59.083: [INFO] OnDoneLoading sync enabled: 1
2025-10-17 06:14:59.216: [INFO] Sync initialization duration: 59ms
2025-10-17 06:19:22.216: [INFO] VisibilityChanged: 0
2025-10-17 06:19:22.246: [INFO] BookmarkModelLoaded, ids_reassigned: 0
2025-10-17 06:19:22.246: [INFO] OnDoneLoading sync enabled: 1
2025-10-17 06:19:22.381: [INFO] Sync initialization duration: 59ms
2025-10-17 06:23:56.711: [INFO] VisibilityChanged: 0
2025-10-17 06:23:56.744: [INFO] BookmarkModelLoaded, ids_reassigned: 0
2025-10-17 06:23:56.744: [INFO] OnDoneLoading sync enabled: 1
2025-10-17 06:23:56.867: [INFO] Sync initialization duration: 51ms
2025-10-17 07:09:00.123: [INFO] VisibilityChanged: 0
2025-10-17 07:09:00.152: [INFO] BookmarkModelLoaded, ids_reassigned: 0
2025-10-17 07:09:00.152: [INFO] OnDoneLoading sync enabled: 1
2025-10-17 07:09:00.279: [INFO] Sync initialization duration: 53ms
2025-10-17 07:09:52.902: [INFO] VisibilityChanged: 0
2025-10-17 07:09:52.938: [INFO] BookmarkModelLoaded, ids_reassigned: 0
2025-10-17 07:09:52.938: [INFO] OnDoneLoading sync enabled: 1
2025-10-17 07:09:53.061: [INFO] Sync initialization duration: 48ms
2025-10-17 07:15:37.587: [INFO] VisibilityChanged: 0
2025-10-17 07:15:37.617: [INFO] BookmarkModelLoaded, ids_reassigned: 0
2025-10-17 07:15:37.617: [INFO] OnDoneLoading sync enabled: 1
2025-10-17 07:15:37.742: [INFO] Sync initialization duration: 51ms
2025-10-17 07:31:06.861: [INFO] VisibilityChanged: 0
2025-10-17 07:31:06.893: [INFO] BookmarkModelLoaded, ids_reassigned: 0
2025-10-17 07:31:06.893: [INFO] OnDoneLoading sync enabled: 1
2025-10-17 07:31:07.036: [INFO] Sync initialization duration: 66ms
2025-10-17 07:51:33.953: [INFO] VisibilityChanged: 0
2025-10-17 07:51:33.982: [INFO] BookmarkModelLoaded, ids_reassigned: 0
2025-10-17 07:51:33.982: [INFO] OnDoneLoading sync enabled: 1
2025-10-17 07:51:34.104: [INFO] Sync initialization duration: 50ms
2025-10-17 08:00:26.161: [INFO] VisibilityChanged: 0
2025-10-17 08:00:26.192: [INFO] BookmarkModelLoaded, ids_reassigned: 0
2025-10-17 08:00:26.192: [INFO] OnDoneLoading sync enabled: 1
2025-10-17 08:00:26.321: [INFO] Sync initialization duration: 55ms
2025-10-17 08:18:19.507: [INFO] VisibilityChanged: 0
2025-10-17 08:18:19.540: [INFO] BookmarkModelLoaded, ids_reassigned: 0
2025-10-17 08:18:19.540: [INFO] OnDoneLoading sync enabled: 1
2025-10-17 08:18:19.671: [INFO] Sync initialization duration: 56ms
2025-10-17 08:45:08.636: [INFO] VisibilityChanged: 0
2025-10-17 08:45:08.670: [INFO] BookmarkModelLoaded, ids_reassigned: 0
2025-10-17 08:45:08.670: [INFO] OnDoneLoading sync enabled: 1
2025-10-17 08:45:08.799: [INFO] Sync initialization duration: 55ms
2025-10-17 08:51:30.993: [INFO] VisibilityChanged: 0
2025-10-17 08:51:31.023: [INFO] BookmarkModelLoaded, ids_reassigned: 0
2025-10-17 08:51:31.023: [INFO] OnDoneLoading sync enabled: 1
2025-10-17 08:51:31.147: [INFO] Sync initialization duration: 52ms
2025-10-17 09:12:32.433: [INFO] VisibilityChanged: 0
2025-10-17 09:12:32.468: [INFO] BookmarkModelLoaded, ids_reassigned: 0
2025-10-17 09:12:32.468: [INFO] OnDoneLoading sync enabled: 1
2025-10-17 09:12:32.591: [INFO] Sync initialization duration: 49ms
2025-10-17 09:21:26.150: [INFO] VisibilityChanged: 0
2025-10-17 09:21:26.182: [INFO] BookmarkModelLoaded, ids_reassigned: 0
2025-10-17 09:21:26.182: [INFO] OnDoneLoading sync enabled: 1
2025-10-17 09:21:26.309: [INFO] Sync initialization duration: 52ms
2025-10-17 09:34:28.725: [INFO] VisibilityChanged: 0
2025-10-17 09:34:28.757: [INFO] BookmarkModelLoaded, ids_reassigned: 0
2025-10-17 09:34:28.757: [INFO] OnDoneLoading sync enabled: 1
2025-10-17 09:34:28.884: [INFO] Sync initialization duration: 54ms
2025-10-17 09:59:14.792: [INFO] VisibilityChanged: 0
2025-10-17 09:59:14.822: [INFO] BookmarkModelLoaded, ids_reassigned: 0
2025-10-17 09:59:14.822: [INFO] OnDoneLoading sync enabled: 1
2025-10-17 09:59:14.948: [INFO] Sync initialization duration: 53ms
2025-10-17 10:08:27.167: [INFO] VisibilityChanged: 0
2025-10-17 10:08:27.200: [INFO] BookmarkModelLoaded, ids_reassigned: 0
2025-10-17 10:08:27.200: [INFO] OnDoneLoading sync enabled: 1
2025-10-17 10:08:27.324: [INFO] Sync initialization duration: 53ms
2025-10-17 10:09:49.145: [INFO] VisibilityChanged: 0
2025-10-17 10:09:49.177: [INFO] BookmarkModelLoaded, ids_reassigned: 0
2025-10-17 10:09:49.177: [INFO] OnDoneLoading sync enabled: 1
2025-10-17 10:09:49.304: [INFO] Sync initialization duration: 51ms
2025-10-20 07:47:12.056: [INFO] VisibilityChanged: 0
2025-10-20 07:47:12.085: [INFO] BookmarkModelLoaded, ids_reassigned: 0
2025-10-20 07:47:12.085: [INFO] OnDoneLoading sync enabled: 1
2025-10-20 07:47:12.531: [INFO] Sync initialization duration: 30ms
2025-10-20 08:19:41.501: [INFO] VisibilityChanged: 0
2025-10-20 08:19:41.530: [INFO] BookmarkModelLoaded, ids_reassigned: 0
2025-10-20 08:19:41.530: [INFO] OnDoneLoading sync enabled: 1
2025-10-20 08:19:41.984: [INFO] Sync initialization duration: 41ms
2025-10-20 08:20:10.108: [INFO] VisibilityChanged: 0
2025-10-20 08:20:10.138: [INFO] BookmarkModelLoaded, ids_reassigned: 0
2025-10-20 08:20:10.138: [INFO] OnDoneLoading sync enabled: 1
2025-10-20 08:20:10.519: [INFO] Sync initialization duration: 27ms
2025-10-20 08:20:59.193: [INFO] VisibilityChanged: 0
2025-10-20 08:20:59.222: [INFO] BookmarkModelLoaded, ids_reassigned: 0
2025-10-20 08:20:59.222: [INFO] OnDoneLoading sync enabled: 1
2025-10-20 08:20:59.633: [INFO] Sync initialization duration: 7ms
2025-10-20 08:22:54.803: [INFO] VisibilityChanged: 0
2025-10-20 08:22:54.834: [INFO] BookmarkModelLoaded, ids_reassigned: 0
2025-10-20 08:22:54.834: [INFO] OnDoneLoading sync enabled: 1
2025-10-20 08:22:55.229: [INFO] Sync initialization duration: 6ms
2025-10-20 08:48:47.134: [INFO] VisibilityChanged: 0
2025-10-20 08:48:47.163: [INFO] BookmarkModelLoaded, ids_reassigned: 0
2025-10-20 08:48:47.163: [INFO] OnDoneLoading sync enabled: 1
2025-10-20 08:48:47.587: [INFO] Sync initialization duration: 26ms
2025-10-20 08:50:24.059: [INFO] VisibilityChanged: 0
2025-10-20 08:50:24.097: [INFO] BookmarkModelLoaded, ids_reassigned: 0
2025-10-20 08:50:24.097: [INFO] OnDoneLoading sync enabled: 1
2025-10-20 08:50:24.505: [INFO] Sync initialization duration: 12ms
2025-10-20 09:06:41.376: [INFO] VisibilityChanged: 0
2025-10-20 09:06:41.407: [INFO] BookmarkModelLoaded, ids_reassigned: 0
2025-10-20 09:06:41.407: [INFO] OnDoneLoading sync enabled: 1
2025-10-20 09:06:41.834: [INFO] Sync initialization duration: 26ms
2025-10-20 09:33:09.707: [INFO] VisibilityChanged: 0
2025-10-20 09:33:09.745: [INFO] BookmarkModelLoaded, ids_reassigned: 0
2025-10-20 09:33:09.745: [INFO] OnDoneLoading sync enabled: 1
2025-10-20 09:33:10.218: [INFO] Sync initialization duration: 31ms
2025-10-20 09:33:41.426: [INFO] VisibilityChanged: 0
2025-10-20 09:33:41.465: [INFO] BookmarkModelLoaded, ids_reassigned: 0
2025-10-20 09:33:41.465: [INFO] OnDoneLoading sync enabled: 1
2025-10-20 09:33:41.895: [INFO] Sync initialization duration: 34ms
2025-10-20 09:50:10.729: [INFO] VisibilityChanged: 0
2025-10-20 09:50:10.762: [INFO] BookmarkModelLoaded, ids_reassigned: 0
2025-10-20 09:50:10.762: [INFO] OnDoneLoading sync enabled: 1
2025-10-20 09:50:11.213: [INFO] Sync initialization duration: 28ms
2025-10-20 09:55:16.994: [INFO] VisibilityChanged: 0
2025-10-20 09:55:17.021: [INFO] BookmarkModelLoaded, ids_reassigned: 0
2025-10-20 09:55:17.021: [INFO] OnDoneLoading sync enabled: 1
2025-10-20 09:55:17.454: [INFO] Sync initialization duration: 28ms
2025-10-20 09:55:51.577: [INFO] VisibilityChanged: 0
2025-10-20 09:55:51.607: [INFO] BookmarkModelLoaded, ids_reassigned: 0
2025-10-20 09:55:51.607: [INFO] OnDoneLoading sync enabled: 1
2025-10-20 09:55:51.985: [INFO] Sync initialization duration: 25ms
2025-10-20 09:56:22.317: [INFO] VisibilityChanged: 0
2025-10-20 09:56:22.347: [INFO] BookmarkModelLoaded, ids_reassigned: 0
2025-10-20 09:56:22.347: [INFO] OnDoneLoading sync enabled: 1
2025-10-20 09:56:22.754: [INFO] Sync initialization duration: 27ms
2025-10-20 09:56:57.900: [INFO] VisibilityChanged: 0
2025-10-20 09:56:57.931: [INFO] BookmarkModelLoaded, ids_reassigned: 0
2025-10-20 09:56:57.931: [INFO] OnDoneLoading sync enabled: 1
2025-10-20 09:56:58.335: [INFO] Sync initialization duration: 26ms
2025-10-21 07:53:45.244: [INFO] VisibilityChanged: 0
2025-10-21 07:53:45.277: [INFO] BookmarkModelLoaded, ids_reassigned: 0
2025-10-21 07:53:45.277: [INFO] OnDoneLoading sync enabled: 1
2025-10-21 07:53:45.409: [INFO] Sync initialization duration: 52ms
2025-10-21 07:54:21.234: [INFO] VisibilityChanged: 0
2025-10-21 07:54:21.264: [INFO] BookmarkModelLoaded, ids_reassigned: 0
2025-10-21 07:54:21.264: [INFO] OnDoneLoading sync enabled: 1
2025-10-21 07:54:21.389: [INFO] Sync initialization duration: 52ms
2025-10-21 07:55:05.867: [INFO] VisibilityChanged: 0
2025-10-21 07:55:05.896: [INFO] BookmarkModelLoaded, ids_reassigned: 0
2025-10-21 07:55:05.896: [INFO] OnDoneLoading sync enabled: 1
2025-10-21 07:55:06.026: [INFO] Sync initialization duration: 54ms
2025-10-21 08:39:09.911: [INFO] VisibilityChanged: 0
2025-10-21 08:39:09.940: [INFO] BookmarkModelLoaded, ids_reassigned: 0
2025-10-21 08:39:09.940: [INFO] OnDoneLoading sync enabled: 1
2025-10-21 08:39:10.076: [INFO] Sync initialization duration: 62ms
2025-10-21 08:39:35.274: [INFO] VisibilityChanged: 0
2025-10-21 08:39:35.306: [INFO] BookmarkModelLoaded, ids_reassigned: 0
2025-10-21 08:39:35.306: [INFO] OnDoneLoading sync enabled: 1
2025-10-21 08:39:35.442: [INFO] Sync initialization duration: 60ms
2025-10-21 08:40:27.432: [INFO] VisibilityChanged: 0
2025-10-21 08:40:27.461: [INFO] BookmarkModelLoaded, ids_reassigned: 0
2025-10-21 08:40:27.461: [INFO] OnDoneLoading sync enabled: 1
2025-10-21 08:40:27.583: [INFO] Sync initialization duration: 48ms
2025-10-21 08:52:28.818: [INFO] VisibilityChanged: 0
2025-10-21 08:52:28.855: [INFO] BookmarkModelLoaded, ids_reassigned: 0
2025-10-21 08:52:28.855: [INFO] OnDoneLoading sync enabled: 1
2025-10-21 08:52:29.003: [INFO] Sync initialization duration: 68ms
2025-10-21 08:52:57.251: [INFO] VisibilityChanged: 0
2025-10-21 08:52:57.288: [INFO] BookmarkModelLoaded, ids_reassigned: 0
2025-10-21 08:52:57.288: [INFO] OnDoneLoading sync enabled: 1
2025-10-21 08:52:57.428: [INFO] Sync initialization duration: 58ms
2025-10-21 09:20:46.696: [INFO] VisibilityChanged: 0
2025-10-21 09:20:46.729: [INFO] BookmarkModelLoaded, ids_reassigned: 0
2025-10-21 09:20:46.729: [INFO] OnDoneLoading sync enabled: 1
2025-10-21 09:20:46.877: [INFO] Sync initialization duration: 66ms
2025-10-21 09:21:11.912: [INFO] VisibilityChanged: 0
2025-10-21 09:21:11.944: [INFO] BookmarkModelLoaded, ids_reassigned: 0
2025-10-21 09:21:11.944: [INFO] OnDoneLoading sync enabled: 1
2025-10-21 09:21:12.079: [INFO] Sync initialization duration: 59ms
2025-10-21 09:21:40.562: [INFO] VisibilityChanged: 0
2025-10-21 09:21:40.596: [INFO] BookmarkModelLoaded, ids_reassigned: 0
2025-10-21 09:21:40.596: [INFO] OnDoneLoading sync enabled: 1
2025-10-21 09:21:40.734: [INFO] Sync initialization duration: 54ms
2025-10-21 09:22:19.090: [INFO] VisibilityChanged: 0
2025-10-21 09:22:19.122: [INFO] BookmarkModelLoaded, ids_reassigned: 0
2025-10-21 09:22:19.122: [INFO] OnDoneLoading sync enabled: 1
2025-10-21 09:22:19.259: [INFO] Sync initialization duration: 55ms
2025-10-21 09:23:31.024: [INFO] VisibilityChanged: 0
2025-10-21 09:23:31.055: [INFO] BookmarkModelLoaded, ids_reassigned: 0
2025-10-21 09:23:31.055: [INFO] OnDoneLoading sync enabled: 1
2025-10-21 09:23:31.186: [INFO] Sync initialization duration: 53ms
2025-10-21 09:36:24.540: [INFO] VisibilityChanged: 0
2025-10-21 09:36:24.570: [INFO] BookmarkModelLoaded, ids_reassigned: 0
2025-10-21 09:36:24.570: [INFO] OnDoneLoading sync enabled: 1
2025-10-21 09:36:24.710: [INFO] Sync initialization duration: 57ms
2025-10-21 09:53:15.279: [INFO] VisibilityChanged: 0
2025-10-21 09:53:15.311: [INFO] BookmarkModelLoaded, ids_reassigned: 0
2025-10-21 09:53:15.311: [INFO] OnDoneLoading sync enabled: 1
2025-10-21 09:53:15.448: [INFO] Sync initialization duration: 57ms
2025-10-21 09:53:37.121: [INFO] VisibilityChanged: 0
2025-10-21 09:53:37.157: [INFO] BookmarkModelLoaded, ids_reassigned: 0
2025-10-21 09:53:37.157: [INFO] OnDoneLoading sync enabled: 1
2025-10-21 09:53:37.280: [INFO] Sync initialization duration: 49ms
2025-10-21 09:54:00.774: [INFO] VisibilityChanged: 0
2025-10-21 09:54:00.807: [INFO] BookmarkModelLoaded, ids_reassigned: 0
2025-10-21 09:54:00.807: [INFO] OnDoneLoading sync enabled: 1
2025-10-21 09:54:00.937: [INFO] Sync initialization duration: 54ms
2025-10-21 10:06:05.915: [INFO] VisibilityChanged: 0
2025-10-21 10:06:05.946: [INFO] BookmarkModelLoaded, ids_reassigned: 0
2025-10-21 10:06:05.946: [INFO] OnDoneLoading sync enabled: 1
2025-10-21 10:06:06.079: [INFO] Sync initialization duration: 61ms
2025-10-21 10:15:24.306: [INFO] VisibilityChanged: 0
2025-10-21 10:15:24.336: [INFO] BookmarkModelLoaded, ids_reassigned: 0
2025-10-21 10:15:24.336: [INFO] OnDoneLoading sync enabled: 1
2025-10-21 10:15:24.462: [INFO] Sync initialization duration: 50ms
2025-10-21 10:16:23.050: [INFO] VisibilityChanged: 0
2025-10-21 10:16:23.088: [INFO] BookmarkModelLoaded, ids_reassigned: 0
2025-10-21 10:16:23.088: [INFO] OnDoneLoading sync enabled: 1
2025-10-21 10:16:23.221: [INFO] Sync initialization duration: 54ms
2025-10-21 10:19:21.879: [INFO] VisibilityChanged: 0
2025-10-21 10:19:21.910: [INFO] BookmarkModelLoaded, ids_reassigned: 0
2025-10-21 10:19:21.910: [INFO] OnDoneLoading sync enabled: 1
2025-10-21 10:19:22.042: [INFO] Sync initialization duration: 59ms
2025-10-21 10:22:54.122: [INFO] VisibilityChanged: 0
2025-10-21 10:22:54.153: [INFO] BookmarkModelLoaded, ids_reassigned: 0
2025-10-21 10:22:54.153: [INFO] OnDoneLoading sync enabled: 1
2025-10-21 10:22:54.284: [INFO] Sync initialization duration: 57ms
2025-10-21 10:36:27.017: [INFO] VisibilityChanged: 0
2025-10-21 10:36:27.048: [INFO] BookmarkModelLoaded, ids_reassigned: 0
2025-10-21 10:36:27.048: [INFO] OnDoneLoading sync enabled: 1
2025-10-21 10:36:27.183: [INFO] Sync initialization duration: 58ms
2025-10-22 08:39:39.539: [INFO] VisibilityChanged: 0
2025-10-22 08:39:39.573: [INFO] BookmarkModelLoaded, ids_reassigned: 0
2025-10-22 08:39:39.573: [INFO] OnDoneLoading sync enabled: 1
2025-10-22 08:39:39.712: [INFO] Sync initialization duration: 58ms
2025-10-22 08:47:13.588: [INFO] VisibilityChanged: 0
2025-10-22 08:47:13.620: [INFO] BookmarkModelLoaded, ids_reassigned: 0
2025-10-22 08:47:13.620: [INFO] OnDoneLoading sync enabled: 1
2025-10-22 08:47:14.052: [INFO] Sync initialization duration: 35ms
2025-10-22 08:50:58.069: [INFO] VisibilityChanged: 0
2025-10-22 08:50:58.097: [INFO] BookmarkModelLoaded, ids_reassigned: 0
2025-10-22 08:50:58.097: [INFO] OnDoneLoading sync enabled: 1
2025-10-22 08:50:58.527: [INFO] Sync initialization duration: 10ms
2025-10-22 08:58:54.926: [INFO] VisibilityChanged: 0
2025-10-22 08:58:54.953: [INFO] BookmarkModelLoaded, ids_reassigned: 0
2025-10-22 08:58:54.953: [INFO] OnDoneLoading sync enabled: 1
2025-10-22 08:58:55.358: [INFO] Sync initialization duration: 25ms
2025-10-22 09:42:03.478: [INFO] VisibilityChanged: 0
2025-10-22 09:42:03.507: [INFO] BookmarkModelLoaded, ids_reassigned: 0
2025-10-22 09:42:03.507: [INFO] OnDoneLoading sync enabled: 1
2025-10-22 09:42:03.936: [INFO] Sync initialization duration: 28ms
2025-10-22 10:11:53.572: [INFO] VisibilityChanged: 0
2025-10-22 10:11:53.606: [INFO] BookmarkModelLoaded, ids_reassigned: 0
2025-10-22 10:11:53.606: [INFO] OnDoneLoading sync enabled: 1
2025-10-22 10:11:54.102: [INFO] Sync initialization duration: 30ms
2025-10-22 10:24:34.251: [INFO] VisibilityChanged: 0
2025-10-22 10:24:34.280: [INFO] BookmarkModelLoaded, ids_reassigned: 0
2025-10-22 10:24:34.280: [INFO] OnDoneLoading sync enabled: 1
2025-10-22 10:24:34.701: [INFO] Sync initialization duration: 30ms
2025-10-22 10:48:25.008: [INFO] VisibilityChanged: 0
2025-10-22 10:48:25.039: [INFO] BookmarkModelLoaded, ids_reassigned: 0
2025-10-22 10:48:25.039: [INFO] OnDoneLoading sync enabled: 1
2025-10-22 10:48:25.444: [INFO] Sync initialization duration: 4ms
2025-10-23 09:39:07.639: [INFO] VisibilityChanged: 0
2025-10-23 09:39:07.672: [INFO] BookmarkModelLoaded, ids_reassigned: 0
2025-10-23 09:39:07.672: [INFO] OnDoneLoading sync enabled: 1
2025-10-23 09:39:07.800: [INFO] Sync initialization duration: 47ms
2025-10-23 09:51:39.377: [INFO] VisibilityChanged: 0
2025-10-23 09:51:39.408: [INFO] BookmarkModelLoaded, ids_reassigned: 0
2025-10-23 09:51:39.408: [INFO] OnDoneLoading sync enabled: 1
2025-10-23 09:51:39.540: [INFO] Sync initialization duration: 58ms
2025-10-23 10:02:57.959: [INFO] VisibilityChanged: 0
2025-10-23 10:02:57.988: [INFO] BookmarkModelLoaded, ids_reassigned: 0
2025-10-23 10:02:57.989: [INFO] OnDoneLoading sync enabled: 1
2025-10-23 10:02:58.122: [INFO] Sync initialization duration: 55ms
